
88C_mod.csv



        filename            y_def          scale_X         pop_size         gen_size        tour_size      tour_factor       pars_coeff
     88C_mod.csv             True             10.0             1000               20               10              100            0.001


    |   Population Average    |             Best Individual              |
---- ------------------------- ------------------------------------------ ----------
 Gen   Length          Fitness   Length          Fitness      OOB Fitness  Time Left
   0    20.19      1.23537e+79        6         0.151741              N/A     12.40s
   1    11.35      4.06879e+42        6         0.151741              N/A     23.00s
   2     8.62      2.03211e+39       12        0.0639478              N/A     28.30s
   3     8.72      1.60134e+42       15        0.0488403              N/A     29.29s
   4     9.97      9.93095e+39       15        0.0488403              N/A     28.88s
   5    10.67      6.61472e+39       25        0.0319399              N/A     28.57s
   6    12.88      9.93034e+39       25        0.0319399              N/A     29.01s
   7    14.05      2.73577e+39       25        0.0319399              N/A     28.29s
   8    12.67      8.47703e+39       28         0.029173              N/A     27.41s
   9    11.51      1.56353e+40       26        0.0287633              N/A     23.73s
  10    11.77      1.76423e+40       26        0.0287633              N/A     20.00s
  11    14.80      7.19749e+40       34        0.0285099              N/A     18.07s
  12    16.87      1.87146e+40       41        0.0211563              N/A     17.27s
  13    19.69      1.02743e+40       63        0.0238717              N/A     15.35s
  14    19.66      2.18626e+40       26        0.0222821              N/A     13.49s
  15    17.06      1.16731e+40       26        0.0222821              N/A     10.91s
  16    13.75      1.44582e+40       26        0.0222821              N/A      7.57s
  17    12.31       1.0891e+40       26        0.0222821              N/A      4.69s
  18    11.11      1.56942e+40       26        0.0222821              N/A      2.32s
  19    10.18      1.63932e+40       19        0.0301088              N/A      0.00s
printing the best individuals for the last 5 generations:
exp(mul(mul(mul(0.046, X0), neg(0.384)), mul(add(sub(-0.626, X0), add(X0, X0)), add(mul(mul(0.046, X0), neg(X0)), neg(neg(X0))))))
exp(mul(mul(mul(0.046, X0), neg(0.384)), mul(add(sub(-0.626, X0), add(X0, X0)), add(mul(mul(0.046, X0), neg(X0)), neg(neg(X0))))))
exp(mul(mul(mul(0.046, X0), neg(0.384)), mul(add(sub(-0.626, X0), add(X0, X0)), add(mul(mul(0.046, X0), neg(X0)), neg(neg(X0))))))
exp(mul(mul(mul(0.046, X0), neg(0.384)), mul(add(sub(-0.626, X0), add(X0, X0)), add(mul(mul(0.046, X0), neg(X0)), neg(neg(X0))))))
exp(mul(mul(neg(-0.192), neg(0.384)), mul(add(sub(-0.626, X0), add(X0, X0)), sub(X0, exp(0.046)))))
Age of extinction, kill all.. Start new generation..



        filename            y_def          scale_X         pop_size         gen_size        tour_size      tour_factor       pars_coeff
     88C_mod.csv             True             10.0             1000               20               10              100            0.005


    |   Population Average    |             Best Individual              |
---- ------------------------- ------------------------------------------ ----------
 Gen   Length          Fitness   Length          Fitness      OOB Fitness  Time Left
   0    20.19      1.23537e+79        6         0.151741              N/A      2.22s
   1    10.72      4.06623e+42        6         0.151741              N/A     21.22s
   2     7.03      2.15856e+39       12        0.0639478              N/A     28.51s
   3     7.07       6.6411e+39       15        0.0488403              N/A     29.86s
   4     7.45      1.30764e+40       15        0.0488403              N/A     28.85s
   5     8.35      6.39751e+39       12        0.0362016              N/A     25.95s
   6    10.47      7.20529e+39       17        0.0282685              N/A     26.02s
   7    11.04      8.52945e+39       12        0.0278146              N/A     26.14s
   8     9.20      7.46623e+39       12        0.0278146              N/A     23.71s
   9     7.95      1.41401e+40       12        0.0278146              N/A     21.14s
  10     7.76      9.34659e+39       12        0.0271272              N/A     17.80s
  11     8.39      7.59104e+40       12        0.0271272              N/A     17.14s
  12     9.17      1.18076e+40       16         0.026737              N/A     14.78s
  13    10.28      1.48416e+40       16         0.026737              N/A     13.32s
  14    11.01      1.96252e+40       12        0.0271272              N/A     10.40s
  15    10.80      1.57751e+40       12        0.0271272              N/A      9.08s
  16    10.26      1.35247e+40       12        0.0271272              N/A      6.39s
  17    10.56      1.88211e+40       12        0.0271272              N/A      4.63s
  18    10.41      3.02571e+40       12        0.0271272              N/A      2.07s
  19    10.92      4.02059e+40       12        0.0271272              N/A      0.00s
printing the best individuals for the last 5 generations:
exp(mul(mul(mul(X0, -0.225), mul(0.046, X0)), add(0.620, X0)))
exp(mul(mul(mul(X0, -0.225), mul(0.046, X0)), add(0.620, X0)))
exp(mul(mul(mul(X0, -0.225), mul(0.046, X0)), add(0.620, X0)))
exp(mul(mul(mul(X0, -0.225), mul(0.046, X0)), add(0.620, X0)))
exp(mul(mul(mul(X0, -0.225), mul(0.046, X0)), add(0.620, X0)))
Age of extinction, kill all.. Start new generation..



        filename            y_def          scale_X         pop_size         gen_size        tour_size      tour_factor       pars_coeff
     88C_mod.csv             True             10.0             5000               20               50              100            0.001


    |   Population Average    |             Best Individual              |
---- ------------------------- ------------------------------------------ ----------
 Gen   Length          Fitness   Length          Fitness      OOB Fitness  Time Left
   0    20.10      1.45794e+81       28         0.120751              N/A      7.87s
   1     8.90       5.3401e+39       24        0.0351006              N/A      1.80m
   2    11.00      1.03907e+40       34        0.0282528              N/A      2.19m
   3    19.93      1.65367e+40       30        0.0242112              N/A      2.36m
   4    21.33      1.79479e+40       27        0.0241206              N/A      2.65m
   5    19.41      2.13718e+40       20        0.0243353              N/A      2.40m
   6    17.89      2.42742e+40       34        0.0234838              N/A      2.28m
   7    16.13       7.2747e+43       31        0.0234479              N/A      2.04m
   8    14.57      2.12057e+40       28        0.0240905              N/A      1.83m
   9    14.60      8.37741e+41       28        0.0240905              N/A      1.61m
  10    13.82      1.85034e+40       27        0.0241112              N/A      1.56m
  11    13.73      1.76295e+40       27        0.0241105              N/A      1.39m
  12    13.65      2.26317e+40       13        0.0241867              N/A      1.16m
  13    13.76      2.17381e+40       13        0.0241867              N/A      1.10m
  14    13.70      2.08557e+40       13        0.0241867              N/A     56.88s
  15    13.10       1.8217e+40       13        0.0241867              N/A     45.66s
  16    12.93      1.70096e+40       13        0.0241867              N/A     31.25s
  17    12.66      1.49029e+40       13        0.0241867              N/A     23.13s
  18    12.83       1.7498e+40       13        0.0241867              N/A     11.96s
  19    12.80       1.7495e+40       13        0.0241867              N/A      0.00s
printing the best individuals for the last 5 generations:
exp(mul(mul(exp(-0.540), mul(X0, 0.022)), sub(0.966, mul(X0, X0))))
exp(mul(mul(exp(-0.540), mul(X0, 0.022)), sub(0.966, mul(X0, X0))))
exp(mul(mul(exp(-0.540), mul(X0, 0.022)), sub(0.985, mul(X0, X0))))
exp(mul(mul(exp(-0.540), mul(X0, 0.022)), sub(0.985, mul(X0, X0))))
exp(mul(mul(exp(-0.540), mul(X0, 0.022)), sub(0.985, mul(X0, X0))))
Age of extinction, kill all.. Start new generation..



        filename            y_def          scale_X         pop_size         gen_size        tour_size      tour_factor       pars_coeff
     88C_mod.csv             True             10.0             5000               20               50              100            0.005


    |   Population Average    |             Best Individual              |
---- ------------------------- ------------------------------------------ ----------
 Gen   Length          Fitness   Length          Fitness      OOB Fitness  Time Left
   0    20.10      1.45794e+81       28         0.120751              N/A      7.46s
   1     7.76       5.6941e+39       24        0.0351006              N/A      1.76m
   2     7.13      6.09913e+39       20        0.0270786              N/A      2.16m
   3     8.46       1.0269e+40       26        0.0245397              N/A      2.18m
   4    10.03      1.12348e+40       18        0.0249623              N/A      2.15m
   5     7.72      1.64823e+40       10        0.0281204              N/A      2.10m
   6     8.55      1.88473e+40       10        0.0281204              N/A      1.95m
   7     9.91      1.84119e+47       12        0.0272088              N/A      1.95m
   8     9.95      5.49724e+39       10        0.0281204              N/A      1.80m
   9     9.94      8.23534e+41       10        0.0281204              N/A      1.67m
  10     9.86      4.50989e+39       10        0.0281204              N/A      1.53m
  11     9.81      7.72672e+39       13        0.0259739              N/A      1.38m
  12     9.90      9.33865e+39       12        0.0264018              N/A      1.23m
  13     9.91      1.11082e+40       10        0.0281204              N/A      1.04m
  14     9.91      9.94278e+39       11        0.0260536              N/A     52.61s
  15     9.85      7.02782e+39       12        0.0271056              N/A     42.52s
  16     9.99      7.54423e+39       13        0.0254953              N/A     31.63s
  17     9.76      5.75293e+39       10        0.0281204              N/A     21.43s
  18     9.88      1.28625e+44       10        0.0259636              N/A     10.59s
  19     9.88      7.89341e+39       10        0.0259636              N/A      0.00s
printing the best individuals for the last 5 generations:
exp(mul(mul(X0, mul(0.046, X0)), mul(-0.247, sub(X0, -0.069))))
exp(mul(mul(X0, mul(0.046, X0)), mul(exp(-0.605), mul(-0.485, X0))))
exp(mul(mul(X0, mul(0.046, X0)), mul(-0.247, X0)))
exp(mul(mul(X0, mul(0.046, X0)), mul(-0.273, X0)))
exp(mul(mul(X0, mul(0.046, X0)), mul(-0.273, X0)))
Age of extinction, kill all.. Start new generation..



        filename            y_def          scale_X         pop_size         gen_size        tour_size      tour_factor       pars_coeff
     88C_mod.csv            False             10.0             1000               20               10              100            0.001


    |   Population Average    |             Best Individual              |
---- ------------------------- ------------------------------------------ ----------
 Gen   Length          Fitness   Length          Fitness      OOB Fitness  Time Left
   0    20.19      1.23537e+79       19         0.146628              N/A      2.05s
   1    12.53      4.06796e+42        8         0.111153              N/A     20.90s
   2     9.94      4.58797e+39       23         0.104372              N/A     27.86s
   3    10.54      2.21291e+42       14         0.100805              N/A     30.18s
   4    11.14      7.99376e+39       15        0.0984402              N/A     30.27s
   5    10.79      1.48892e+39       19        0.0909097              N/A     29.55s
   6    10.22      1.33901e+43       19        0.0909097              N/A     27.14s
   7    10.37      8.34909e+45       19        0.0909097              N/A     25.99s
   8     9.93      1.59875e+38       24        0.0906142              N/A     23.86s
   9     9.58      1.62086e+38       25        0.0904947              N/A     20.34s
  10     9.54      2.39333e+38       21        0.0862692              N/A     19.06s
  11     9.55      5.00773e+40       23        0.0858658              N/A     16.92s
  12     9.03      2.28261e+39       18        0.0909147              N/A     14.50s
  13     8.71      2.57115e+39       18        0.0908279              N/A     11.76s
  14     9.04      1.05426e+39       23         0.085125              N/A      9.96s
  15     9.79      2.61093e+35       18         0.090796              N/A      7.70s
  16    10.56      2.02188e+35       21        0.0851113              N/A      6.23s
  17    12.64      6.65564e+38       21        0.0851113              N/A      4.22s
  18    14.16      6.61063e+37       26        0.0808159              N/A      2.23s
  19    14.94      1.71058e+38       26        0.0808159              N/A      0.00s
printing the best individuals for the last 5 generations:
mul(add(sub(X0, 0.573), mul(mul(sub(X0, 0.236), -0.141), neg(mul(-0.118, X0)))), neg(neg(0.151)))
mul(add(sub(X0, 0.573), mul(mul(mul(X0, -0.141), neg(mul(-0.118, X0))), neg(mul(-0.118, X0)))), neg(neg(0.151)))
mul(add(sub(X0, 0.573), mul(mul(mul(X0, -0.141), neg(mul(-0.118, X0))), neg(mul(-0.118, X0)))), neg(neg(0.151)))
mul(add(sub(X0, 0.573), mul(mul(mul(mul(X0, -0.141), neg(mul(-0.118, X0))), neg(mul(-0.118, X0))), neg(mul(-0.118, X0)))), neg(neg(0.151)))
mul(add(sub(X0, 0.573), mul(mul(mul(mul(X0, -0.141), neg(mul(-0.118, X0))), neg(mul(-0.118, X0))), neg(mul(-0.118, X0)))), neg(neg(0.151)))
Age of extinction, kill all.. Start new generation..



        filename            y_def          scale_X         pop_size         gen_size        tour_size      tour_factor       pars_coeff
     88C_mod.csv            False             10.0             1000               20               10              100            0.005


    |   Population Average    |             Best Individual              |
---- ------------------------- ------------------------------------------ ----------
 Gen   Length          Fitness   Length          Fitness      OOB Fitness  Time Left
   0    20.19      1.23537e+79       19         0.146628              N/A      2.14s
   1    11.20      4.06744e+42        8         0.111153              N/A     22.23s
   2     8.01      5.39558e+39       23         0.104372              N/A     27.81s
   3     8.81      2.20879e+42       14         0.100805              N/A     28.42s
   4     8.90      6.02437e+39       17        0.0969721              N/A     29.06s
   5     7.87      1.54209e+39       27        0.0920958              N/A     27.73s
   6     7.36      2.57355e+41       26        0.0931125              N/A     24.26s
   7     7.17      5.53086e+46       14        0.0975685              N/A     22.97s
   8     6.82      8.50068e+38        8         0.106714              N/A     19.91s
   9     6.59      1.65121e+38        8         0.106714              N/A     18.00s
  10     6.38      6.89289e+38        8         0.105322              N/A     17.39s
  11     6.28      5.00774e+40        7         0.106909              N/A     14.44s
  12     6.18      9.42159e+38        9        0.0997919              N/A     11.97s
  13     6.08      1.67822e+40        6         0.107026              N/A     10.62s
  14     5.98       1.8225e+39        6         0.107026              N/A      9.24s
  15     6.01      1.42479e+36        6         0.107026              N/A      7.64s
  16     5.91      2.02189e+35        6         0.107026              N/A      5.87s
  17     6.22      2.61794e+38        6         0.107026              N/A      3.92s
  18     6.03      4.37837e+38        6         0.107026              N/A      1.89s
  19     6.05      1.31043e+39        6         0.107026              N/A      0.00s
printing the best individuals for the last 5 generations:
neg(mul(mul(X0, -0.224), 0.544))
neg(mul(mul(X0, -0.224), 0.544))
neg(mul(mul(X0, -0.224), 0.544))
neg(mul(mul(X0, -0.224), 0.544))
neg(mul(mul(X0, -0.224), 0.544))
Age of extinction, kill all.. Start new generation..



        filename            y_def          scale_X         pop_size         gen_size        tour_size      tour_factor       pars_coeff
     88C_mod.csv            False             10.0             5000               20               50              100            0.001


    |   Population Average    |             Best Individual              |
---- ------------------------- ------------------------------------------ ----------
 Gen   Length          Fitness   Length          Fitness      OOB Fitness  Time Left
   0    20.10      1.45794e+81        4          0.10666              N/A      8.38s
   1    10.34      3.90038e+41       11        0.0995184              N/A      1.86m
   2    11.23      2.59224e+40       11        0.0995184              N/A      2.20m
   3     5.53      5.84232e+38       11        0.0992908              N/A      2.32m
   4     5.78      1.62842e+38       12        0.0986896              N/A      1.96m
   5     5.40      5.01773e+38        7        0.0992828              N/A      1.82m
   6     5.68      3.35344e+39        7        0.0992828              N/A      1.67m
   7     5.17      1.84119e+47        5        0.0992865              N/A      1.59m
   8     5.20      2.98999e+39        5        0.0992865              N/A      1.44m
   9     5.17      8.18255e+41        8        0.0988515              N/A      1.36m
  10     5.10      2.82066e+41        5        0.0992865              N/A      1.16m
  11     5.10      4.70018e+37        5        0.0992865              N/A      1.08m
  12     5.13      1.31445e+53        5        0.0992865              N/A     59.09s
  13     5.17      1.24792e+76        5        0.0992865              N/A     50.32s
  14     5.13      1.88425e+39        5        0.0992865              N/A     41.87s
  15     5.13      3.26708e+77        5        0.0992865              N/A     34.32s
  16     5.18      7.48789e+38        5        0.0992848              N/A     27.00s
  17     5.09       5.2025e+39        5        0.0992848              N/A     17.43s
  18     5.15      1.28623e+44        5        0.0992848              N/A      8.76s
  19     5.16      7.29091e+44        5        0.0992848              N/A      0.00s
printing the best individuals for the last 5 generations:
mul(0.123, add(X0, -0.326))
mul(0.123, add(X0, -0.338))
mul(0.123, add(X0, -0.338))
mul(0.123, add(X0, -0.338))
mul(0.123, add(X0, -0.338))
Age of extinction, kill all.. Start new generation..



        filename            y_def          scale_X         pop_size         gen_size        tour_size      tour_factor       pars_coeff
     88C_mod.csv            False             10.0             5000               20               50              100            0.005


    |   Population Average    |             Best Individual              |
---- ------------------------- ------------------------------------------ ----------
 Gen   Length          Fitness   Length          Fitness      OOB Fitness  Time Left
   0    20.10      1.45794e+81        4          0.10666              N/A      8.18s
   1     8.74      1.03886e+41       11        0.0995184              N/A      1.72m
   2     8.93      5.21229e+39       11        0.0995184              N/A      2.18m
   3     4.37      6.22758e+38       11        0.0995184              N/A      2.25m
   4     3.59      4.22138e+38        4          0.10666              N/A      1.99m
   5     3.37      5.43827e+38        5         0.104748              N/A      1.73m
   6     3.27      1.03071e+39        5        0.0993903              N/A      1.62m
   7     3.25      1.84119e+47        9        0.0992983              N/A      1.55m
   8     3.27      1.05722e+40        3         0.107348              N/A      1.41m
   9     3.29      8.18462e+41        3         0.107348              N/A      1.30m
  10     3.21      3.01032e+40        5         0.101463              N/A      1.16m
  11     3.23       4.9397e+37        3         0.107348              N/A     59.72s
  12     3.26      1.31445e+53        9        0.0993686              N/A     52.71s
  13     3.30      1.01785e+77        3         0.106754              N/A     44.39s
  14     3.26      1.90367e+39       10        0.0995105              N/A     37.49s
  15     3.24      3.13587e+77        5         0.103643              N/A     29.34s
  16     3.28      2.22259e+39        5          0.10457              N/A     20.70s
  17     3.21      3.06801e+39        3         0.106754              N/A     14.95s
  18     3.25      1.28625e+44        5         0.103546              N/A      7.43s
  19     3.29      5.84731e+46        3         0.106754              N/A      0.00s
printing the best individuals for the last 5 generations:
mul(sub(X0, 0.178), 0.118)
mul(add(X0, -0.348), 0.118)
mul(X0, 0.118)
mul(add(-0.244, X0), 0.118)
mul(X0, 0.118)
Age of extinction, kill all.. Start new generation..

