
102C_origin.csv



        filename            y_def          scale_X         pop_size         gen_size        tour_size      tour_factor       pars_coeff
 102C_origin.csv             True             10.0             2000               20               20              100            0.001


    |   Population Average    |             Best Individual              |
---- ------------------------- ------------------------------------------ ----------
 Gen   Length          Fitness   Length          Fitness      OOB Fitness  Time Left
   0    19.42      5.05673e+42       24         0.167463              N/A     16.96s
   1    10.02      5.94855e+39       11        0.0837818              N/A     49.53s
   2     9.27      8.82608e+39       11        0.0837818              N/A      1.07m
   3    12.38      1.67022e+37        9        0.0578229              N/A      1.27m
   4    10.81      5.86765e+37       12        0.0314068              N/A      1.23m
   5    12.27      1.64967e+39       19        0.0245942              N/A      1.31m
   6    11.46      8.23864e+38       14        0.0140862              N/A      1.24m
   7    11.72      7.93983e+38       14        0.0140862              N/A      1.22m
   8    13.34      1.03396e+38       20        0.0128725              N/A      1.06m
   9    13.93       3.3032e+38       20        0.0128725              N/A      1.03m
  10    13.81      3.19571e+38       14        0.0140862              N/A     57.15s
  11    13.47      8.46815e+38       14        0.0140862              N/A     48.74s
  12    13.56      7.20727e+39       16        0.0139614              N/A     46.54s
  13    13.65      2.85218e+39       14         0.012781              N/A     40.75s
  14    13.92      3.50229e+39       14         0.012781              N/A     35.26s
  15    13.85      9.41335e+38       14         0.012781              N/A     25.52s
  16    13.81       4.2345e+38       14         0.012781              N/A     19.53s
  17    13.55      1.81457e+38       14         0.012781              N/A     14.35s
  18    13.73      5.94619e+38       14         0.012781              N/A      6.48s
  19    13.77      1.41107e+37       14         0.012781              N/A      0.00s
printing the best individuals for the last 5 generations:
exp(mul(mul(-0.196, X0), neg(mul(mul(-0.205, X0), neg(mul(X0, -0.113))))))
exp(mul(mul(-0.196, X0), neg(mul(mul(-0.205, X0), neg(mul(X0, -0.113))))))
exp(mul(mul(-0.196, X0), neg(mul(mul(-0.205, X0), neg(mul(X0, -0.113))))))
exp(mul(mul(-0.196, X0), neg(mul(mul(-0.205, X0), neg(mul(X0, -0.113))))))
exp(mul(mul(-0.196, X0), neg(mul(mul(-0.205, X0), neg(mul(X0, -0.113))))))
Age of extinction, kill all.. Start new generation..



        filename            y_def          scale_X         pop_size         gen_size        tour_size      tour_factor       pars_coeff
 102C_origin.csv             True             10.0             2000               20               20              100            0.005


    |   Population Average    |             Best Individual              |
---- ------------------------- ------------------------------------------ ----------
 Gen   Length          Fitness   Length          Fitness      OOB Fitness  Time Left
   0    19.42      5.05673e+42       24         0.167463              N/A      4.97s
   1     8.93      5.94855e+39       11        0.0837818              N/A     59.21s
   2     7.34      9.03405e+39       11        0.0837818              N/A      1.21m
   3     7.96      1.94263e+38        9        0.0557138              N/A      1.17m
   4     7.52      4.80046e+37        9        0.0557138              N/A      1.15m
   5     9.98      1.64874e+39       19        0.0245942              N/A      1.06m
   6     9.88       7.1291e+38       14        0.0129496              N/A      1.22m
   7     9.44      2.07951e+38       14        0.0129496              N/A      1.10m
   8    10.60      3.39404e+37       14        0.0129496              N/A     56.31s
   9    12.87      1.04671e+39       14        0.0129496              N/A     55.34s
  10    13.74      1.75323e+38       14        0.0129496              N/A      1.04m
  11    13.48      4.51573e+38       14        0.0129496              N/A     49.80s
  12    13.60      5.15391e+37       14        0.0129496              N/A     44.42s
  13    13.64       2.7369e+39       14        0.0129496              N/A     37.92s
  14    14.01      2.77093e+39       14        0.0129496              N/A     32.96s
  15    13.79      1.03164e+38       14        0.0129496              N/A     25.60s
  16    13.83      7.00147e+37       14        0.0129496              N/A     21.42s
  17    13.63      1.00147e+33       14        0.0129496              N/A     14.88s
  18    13.77      7.97149e+36       14        0.0129496              N/A      7.53s
  19    13.79      1.82204e+34       14        0.0129496              N/A      0.00s
printing the best individuals for the last 5 generations:
exp(mul(mul(mul(X0, -0.225), neg(mul(X0, -0.170))), neg(mul(X0, -0.118))))
exp(mul(mul(mul(X0, -0.225), neg(mul(X0, -0.170))), neg(mul(X0, -0.118))))
exp(mul(mul(mul(X0, -0.225), neg(mul(X0, -0.170))), neg(mul(X0, -0.118))))
exp(mul(mul(mul(X0, -0.225), neg(mul(X0, -0.170))), neg(mul(X0, -0.118))))
exp(mul(mul(mul(X0, -0.225), neg(mul(X0, -0.170))), neg(mul(X0, -0.118))))
Age of extinction, kill all.. Start new generation..



        filename            y_def          scale_X         pop_size         gen_size        tour_size      tour_factor       pars_coeff
 102C_origin.csv             True             10.0             2000               20                4              500            0.001


    |   Population Average    |             Best Individual              |
---- ------------------------- ------------------------------------------ ----------
 Gen   Length          Fitness   Length          Fitness      OOB Fitness  Time Left
   0    19.42      5.05673e+42       24         0.167463              N/A      4.77s
   1    12.87      5.59116e+48       21         0.167463              N/A      1.13m
   2    11.55      3.16124e+39       43        0.0239352              N/A      1.21m
   3    11.27      7.62479e+36       17        0.0868075              N/A      1.37m
   4    12.21      5.41848e+39       16        0.0868075              N/A      1.39m
   5    12.70      2.11095e+39       66        0.0159828              N/A      1.51m
   6    14.49      7.33494e+42       44        0.0213898              N/A      1.33m
   7    18.42      9.39937e+35       38         0.018995              N/A      1.27m
   8    22.82       1.7939e+39       38         0.018995              N/A      1.35m
   9    26.45      4.39681e+39       30        0.0127347              N/A      1.36m
  10    29.44      4.11693e+39       30        0.0127347              N/A      1.31m
  11    30.91      1.65574e+39       70        0.0110454              N/A      1.38m
  12    35.55      2.51508e+39       70        0.0126687              N/A      1.18m
  13    40.32      5.79823e+39       50        0.0115976              N/A      1.15m
  14    40.78      8.11373e+39       52        0.0114811              N/A     59.77s
  15    42.22      1.25182e+40       76        0.0111981              N/A     49.19s
  16    42.65       9.3837e+39       38        0.0111659              N/A     38.85s
  17    42.46      6.51065e+39       38        0.0111659              N/A     25.87s
  18    42.52      9.51016e+39       38        0.0111659              N/A     12.26s
  19    43.43      7.31636e+39       37        0.0111659              N/A      0.00s
printing the best individuals for the last 5 generations:
exp(mul(mul(mul(exp(neg(neg(neg(0.832)))), mul(X0, 0.008)), sub(add(-0.452, neg(X0)), neg(mul(X0, -0.849)))), mul(exp(-0.059), add(sub(neg(mul(-0.684, X0)), neg(-0.797)), exp(mul(mul(mul(neg(neg(exp(-0.059))), mul(X0, 0.008)), sub(mul(neg(-0.452), neg(X0)), neg(add(neg(0.048), exp(-0.271))))), mul(add(exp(sub(mul(sub(X0, X0), -0.930), exp(neg(-0.192)))), mul(exp(neg(0.552)), sub(X0, X0))), neg(X0))))))))
exp(mul(mul(mul(neg(neg(exp(-0.059))), mul(X0, 0.008)), sub(0.008, neg(mul(X0, -0.849)))), mul(add(exp(sub(mul(sub(X0, X0), exp(sub(X0, -0.113))), exp(neg(0.525)))), neg(mul(X0, -0.849))), exp(-0.259))))
exp(mul(mul(mul(neg(neg(exp(-0.059))), mul(X0, 0.008)), sub(0.008, neg(mul(X0, -0.849)))), mul(add(exp(sub(mul(sub(X0, X0), exp(sub(X0, -0.875))), exp(neg(0.525)))), neg(mul(X0, -0.849))), exp(-0.259))))
exp(mul(mul(mul(neg(neg(exp(-0.059))), mul(X0, 0.008)), sub(0.008, neg(mul(X0, -0.849)))), mul(add(exp(sub(mul(sub(X0, X0), exp(sub(X0, -0.875))), exp(neg(0.525)))), neg(mul(X0, -0.849))), exp(-0.259))))
exp(mul(mul(mul(neg(neg(exp(-0.059))), mul(X0, 0.008)), sub(0.008, neg(mul(X0, -0.849)))), mul(add(exp(sub(mul(sub(X0, X0), add(-0.420, 0.416)), exp(neg(0.525)))), neg(mul(X0, -0.849))), exp(-0.259))))
Age of extinction, kill all.. Start new generation..



        filename            y_def          scale_X         pop_size         gen_size        tour_size      tour_factor       pars_coeff
 102C_origin.csv             True             10.0             2000               20                4              500            0.005


    |   Population Average    |             Best Individual              |
---- ------------------------- ------------------------------------------ ----------
 Gen   Length          Fitness   Length          Fitness      OOB Fitness  Time Left
   0    19.42      5.05673e+42       24         0.167463              N/A      5.90s
   1    12.70      5.59116e+48       21         0.167463              N/A     45.85s
   2    10.73      3.18305e+39       43        0.0239352              N/A      1.24m
   3     9.44      3.46573e+38       14         0.120582              N/A      1.29m
   4     8.80      8.52651e+39       40          0.11109              N/A      1.27m
   5     8.03      1.74407e+39       49        0.0209954              N/A      1.25m
   6     8.13      2.31468e+35       44        0.0213898              N/A      1.25m
   7     8.97      6.92509e+34       44        0.0198865              N/A      1.04m
   8    10.32      7.84487e+39       40        0.0210125              N/A     58.81s
   9    11.60      7.64415e+39       40        0.0156423              N/A      1.11m
  10    12.68       1.2057e+39       44        0.0213898              N/A      1.00m
  11    13.17      7.83626e+39       13        0.0129352              N/A     50.11s
  12    13.45      1.83383e+39       13        0.0129352              N/A     39.34s
  13    12.29      3.14807e+39       46        0.0119641              N/A     36.36s
  14    11.07      1.62935e+39       46        0.0119641              N/A     27.54s
  15    10.52      8.27929e+38       19        0.0125954              N/A     22.03s
  16     9.61      1.26552e+39       19        0.0125954              N/A     15.18s
  17     8.47      3.29224e+39       17        0.0120116              N/A      9.73s
  18     8.89      8.63438e+39       17        0.0120116              N/A      5.23s
  19     9.30      5.01144e+38       32        0.0116802              N/A      0.00s
printing the best individuals for the last 5 generations:
exp(mul(mul(-0.038, X0), mul(mul(sub(sub(mul(X0, -0.113), neg(-0.192)), X0), 0.903), mul(X0, -0.113))))
exp(mul(mul(-0.038, X0), mul(mul(sub(sub(mul(X0, -0.113), neg(-0.192)), X0), 0.903), mul(X0, -0.113))))
exp(mul(mul(-0.038, X0), mul(mul(sub(neg(exp(neg(X0))), X0), 0.903), mul(X0, -0.135))))
exp(mul(mul(-0.038, X0), mul(mul(sub(neg(exp(neg(X0))), X0), 0.903), mul(X0, -0.135))))
exp(mul(mul(-0.038, X0), mul(mul(sub(neg(mul(exp(sub(neg(mul(X0, -0.113)), sub(mul(X0, 0.545), mul(-0.803, -0.831)))), exp(mul(X0, -0.135)))), X0), 0.903), mul(X0, -0.135))))
Age of extinction, kill all.. Start new generation..



        filename            y_def          scale_X         pop_size         gen_size        tour_size      tour_factor       pars_coeff
 102C_origin.csv             True             10.0             5000               20               50              100            0.001


    |   Population Average    |             Best Individual              |
---- ------------------------- ------------------------------------------ ----------
 Gen   Length          Fitness   Length          Fitness      OOB Fitness  Time Left
   0    20.10      1.81837e+46       13         0.164737              N/A      9.45s
   1     8.55      6.31855e+39        8        0.0560617              N/A      2.12m
   2    11.89      3.58595e+39        8        0.0560617              N/A      2.63m
   3    12.62      5.02676e+39       28        0.0289031              N/A      2.93m
   4    10.82       3.7633e+39       11        0.0138516              N/A      2.87m
   5    11.08      4.41517e+39       24        0.0130037              N/A      2.66m
   6    18.39      4.40514e+39       24        0.0130037              N/A      2.79m
   7    13.93      1.06613e+41       47        0.0124409              N/A      2.57m
   8    10.98      1.79078e+40       11        0.0138516              N/A      2.21m
   9    10.91      1.49282e+40       12        0.0119756              N/A      2.18m
  10    10.85      2.02599e+40       12        0.0119756              N/A      2.00m
  11    10.96      3.70787e+40       12        0.0119756              N/A      1.79m
  12    11.58      4.68796e+40       12        0.0118673              N/A      1.56m
  13    11.81      1.57042e+40       12        0.0118673              N/A      1.28m
  14    11.84      1.02031e+40       12        0.0118673              N/A      1.09m
  15    11.85      6.86482e+39       12        0.0118673              N/A     54.52s
  16    11.90      1.34115e+40       12        0.0118673              N/A     37.95s
  17    11.63       6.8926e+39       12        0.0117819              N/A     28.40s
  18    11.80      9.86856e+39       12        0.0117819              N/A     13.71s
  19    11.80      6.99039e+39       12        0.0117819              N/A      0.00s
printing the best individuals for the last 5 generations:
exp(mul(mul(X0, 0.097), mul(mul(0.046, X0), sub(-0.247, X0))))
exp(mul(mul(X0, 0.097), mul(mul(0.046, X0), sub(-0.247, X0))))
exp(mul(mul(X0, 0.097), mul(mul(0.045, X0), sub(-0.247, X0))))
exp(mul(mul(X0, 0.097), mul(mul(0.045, X0), sub(-0.247, X0))))
exp(mul(mul(X0, 0.097), mul(mul(0.045, X0), sub(-0.247, X0))))
Age of extinction, kill all.. Start new generation..



        filename            y_def          scale_X         pop_size         gen_size        tour_size      tour_factor       pars_coeff
 102C_origin.csv             True             10.0             5000               20               50              100            0.005


    |   Population Average    |             Best Individual              |
---- ------------------------- ------------------------------------------ ----------
 Gen   Length          Fitness   Length          Fitness      OOB Fitness  Time Left
   0    20.10      1.81837e+46       13         0.164737              N/A      8.44s
   1     7.50      4.48586e+39        8        0.0560617              N/A      2.25m
   2     8.25       2.1315e+39        8        0.0560617              N/A      2.69m
   3     5.44      2.02581e+39        8        0.0560617              N/A      2.72m
   4     7.97      3.39231e+39       13        0.0178746              N/A      2.42m
   5     8.14      5.95552e+39       13        0.0178746              N/A      2.51m
   6     8.98      3.55747e+39       13        0.0162372              N/A      2.48m
   7    12.38       1.0204e+41       13        0.0162372              N/A      2.17m
   8    12.83      1.33116e+39       13        0.0127374              N/A      1.99m
   9    12.85       1.5062e+39       13        0.0127374              N/A      2.01m
  10    12.70      5.97404e+38       18        0.0123264              N/A      1.59m
  11    12.72      2.39724e+39       13        0.0127374              N/A      1.47m
  12    12.64      8.21071e+38       13        0.0127374              N/A      1.20m
  13    12.68      1.49689e+39       13        0.0127374              N/A      1.07m
  14    12.84      1.24394e+39       13        0.0127374              N/A     57.80s
  15    12.75      1.58307e+39       15        0.0125579              N/A     46.84s
  16    12.88       5.6068e+38       13        0.0127374              N/A     34.74s
  17    12.56      2.07109e+39       13        0.0127374              N/A     23.20s
  18    12.67      4.95739e+38       13        0.0127374              N/A     11.74s
  19    12.77      5.98622e+38       13        0.0127374              N/A      0.00s
printing the best individuals for the last 5 generations:
exp(mul(mul(-0.205, X0), neg(mul(mul(X0, 0.098), mul(-0.229, sub(X0, -0.069))))))
exp(mul(mul(-0.205, X0), neg(mul(mul(X0, 0.098), mul(-0.229, X0)))))
exp(mul(mul(-0.205, X0), neg(mul(mul(X0, 0.098), mul(-0.229, X0)))))
exp(mul(mul(-0.205, X0), neg(mul(mul(X0, 0.098), mul(-0.229, X0)))))
exp(mul(mul(-0.205, X0), neg(mul(mul(X0, 0.098), mul(-0.229, X0)))))
Age of extinction, kill all.. Start new generation..



        filename            y_def          scale_X         pop_size         gen_size        tour_size      tour_factor       pars_coeff
 102C_origin.csv             True             10.0             5000               20               10              500            0.001


    |   Population Average    |             Best Individual              |
---- ------------------------- ------------------------------------------ ----------
 Gen   Length          Fitness   Length          Fitness      OOB Fitness  Time Left
   0    20.10      1.81837e+46       13         0.164737              N/A      8.06s
   1    11.29      1.02702e+40       12         0.119324              N/A      1.71m
   2     8.85      1.81085e+39       12        0.0969573              N/A      2.31m
   3     9.78      3.02836e+42       20        0.0258454              N/A      2.26m
   4    13.60      2.11179e+39       20        0.0258454              N/A      2.37m
   5    14.63      3.32285e+39       20        0.0258454              N/A      2.44m
   6    12.89       3.3481e+39       20        0.0258454              N/A      2.40m
   7    13.34       2.4288e+39       24        0.0232507              N/A      2.18m
   8    16.38      3.21241e+39       12        0.0127413              N/A      2.08m
   9    19.73      3.30045e+39       37        0.0124291              N/A      2.12m
  10    20.26      8.57698e+38       37        0.0124291              N/A      2.10m
  11    19.11      1.20977e+39       31        0.0114587              N/A      1.90m
  12    18.36      6.39779e+39       31        0.0114587              N/A      1.64m
  13    18.85      2.44957e+39       35        0.0107727              N/A      1.38m
  14    19.16      8.02306e+38       35        0.0107727              N/A      1.16m
  15    19.13      1.10487e+39       23         0.010035              N/A     56.99s
  16    18.83       1.6445e+39       23         0.010035              N/A     42.54s
  17    17.50      1.93311e+39       23         0.010035              N/A     28.82s
  18    15.95      1.14455e+39       18        0.0112219              N/A     13.68s
  19    14.08      2.07595e+39       18        0.0112219              N/A      0.00s
printing the best individuals for the last 5 generations:
exp(mul(add(mul(-0.945, 0.769), add(mul(add(X0, mul(X0, 0.119)), mul(X0, -0.169)), 0.415)), neg(mul(0.137, mul(X0, -0.169)))))
exp(mul(add(mul(-0.945, 0.769), add(mul(add(X0, mul(X0, 0.119)), mul(X0, -0.169)), 0.415)), neg(mul(0.137, mul(X0, -0.169)))))
exp(mul(add(mul(-0.945, 0.769), add(mul(add(X0, mul(X0, 0.119)), mul(X0, -0.169)), 0.415)), neg(mul(0.137, mul(X0, -0.169)))))
exp(mul(add(mul(mul(X0, -0.169), X0), neg(mul(0.154, X0))), neg(mul(0.137, mul(X0, -0.169)))))
exp(mul(add(mul(mul(X0, -0.169), X0), neg(mul(0.154, X0))), neg(mul(0.137, mul(X0, -0.169)))))
Age of extinction, kill all.. Start new generation..



        filename            y_def          scale_X         pop_size         gen_size        tour_size      tour_factor       pars_coeff
 102C_origin.csv             True             10.0             5000               20               10              500            0.005


    |   Population Average    |             Best Individual              |
---- ------------------------- ------------------------------------------ ----------
 Gen   Length          Fitness   Length          Fitness      OOB Fitness  Time Left
   0    20.10      1.81837e+46       13         0.164737              N/A      8.25s
   1    10.61      1.00914e+40       12         0.119324              N/A      1.72m
   2     7.39      1.98138e+39       12        0.0969573              N/A      2.18m
   3     7.54      3.02759e+42        8        0.0560617              N/A      2.20m
   4     9.58      2.98011e+39        8        0.0560617              N/A      2.32m
   5     8.54      1.76422e+39       20        0.0461366              N/A      2.27m
   6     6.37      2.64707e+39       28        0.0475399              N/A      2.12m
   7     6.55       1.4955e+39       22        0.0246462              N/A      1.80m
   8     8.30      4.84916e+38       24        0.0208536              N/A      1.65m
   9     9.11      5.18041e+39       18        0.0128927              N/A      1.60m
  10     8.85      3.88822e+39       18        0.0128927              N/A      1.51m
  11     8.38      4.50747e+39       18        0.0128927              N/A      1.33m
  12     8.14      8.61985e+39       12        0.0181178              N/A      1.13m
  13     8.40      1.29321e+40       12        0.0181178              N/A     58.22s
  14     8.76      8.01095e+39       12        0.0181178              N/A     50.20s
  15     9.23      1.76882e+40       12        0.0181178              N/A     39.99s
  16    10.08      9.40981e+39       12        0.0181178              N/A     31.04s
  17    10.75      1.12869e+40       14         0.011687              N/A     21.38s
  18    11.29      4.67673e+39       14         0.011687              N/A     10.99s
  19    11.66      3.18327e+39       15        0.0115218              N/A      0.00s
printing the best individuals for the last 5 generations:
exp(mul(mul(mul(X0, -0.151), mul(X0, -0.113)), mul(X0, -0.248)))
exp(mul(mul(mul(X0, -0.151), mul(X0, -0.113)), mul(X0, -0.248)))
exp(mul(mul(mul(sub(X0, -0.547), -0.151), mul(X0, -0.113)), mul(-0.247, X0)))
exp(mul(mul(mul(sub(X0, -0.547), -0.151), mul(X0, -0.113)), mul(-0.247, X0)))
exp(mul(mul(mul(neg(sub(-0.524, X0)), -0.151), mul(X0, -0.113)), mul(-0.247, X0)))
Age of extinction, kill all.. Start new generation..



        filename            y_def          scale_X         pop_size         gen_size        tour_size      tour_factor       pars_coeff
 102C_origin.csv            False             10.0             2000               20               20              100            0.001


    |   Population Average    |             Best Individual              |
---- ------------------------- ------------------------------------------ ----------
 Gen   Length          Fitness   Length          Fitness      OOB Fitness  Time Left
   0    19.42      5.05673e+42       15          0.11392              N/A      3.35s
   1    10.95      8.03763e+38       15        0.0862324              N/A     40.88s
   2    11.27       5.0389e+40       11        0.0803455              N/A     55.19s
   3    12.10      4.70358e+40        8        0.0718195              N/A     58.57s
   4    12.25      3.76419e+36       19        0.0676209              N/A     59.25s
   5    11.49      3.13324e+34       16        0.0518894              N/A     55.22s
   6     8.19      2.13653e+32       16        0.0518894              N/A     51.97s
   7     7.55      3.79938e+36       16        0.0518894              N/A     43.67s
   8     9.12      1.04761e+39       21        0.0518486              N/A     39.70s
   9    11.32      1.84842e+36       20        0.0498633              N/A     38.77s
  10    14.52      1.04858e+39       20        0.0509662              N/A     38.08s
  11    15.53      1.11438e+26       16        0.0518894              N/A     35.76s
  12    15.74      1.95865e+38       18        0.0504159              N/A     32.52s
  13    15.82      1.17327e+39       16        0.0506372              N/A     28.83s
  14    16.02      2.66243e+31       16        0.0506372              N/A     24.67s
  15    15.93      3.72406e+18       16        0.0506372              N/A     19.60s
  16    15.91      7.22622e+37       16        0.0506372              N/A     15.07s
  17    15.69      6.00826e+18       18        0.0504159              N/A      9.97s
  18    15.89      3.15275e+36       16        0.0506372              N/A      4.98s
  19    15.88      3.15877e+10       16        0.0506372              N/A      0.00s
printing the best individuals for the last 5 generations:
add(mul(-0.959, mul(neg(exp(neg(X0))), 0.186)), add(mul(-0.803, 0.233), mul(X0, 0.123)))
add(mul(-0.959, mul(neg(exp(neg(X0))), 0.186)), add(mul(-0.803, 0.233), mul(X0, 0.123)))
add(mul(-0.959, mul(neg(exp(neg(mul(X0, X0)))), 0.159)), add(mul(-0.803, 0.233), mul(X0, 0.123)))
add(mul(-0.959, mul(neg(exp(neg(X0))), 0.186)), add(mul(-0.803, 0.233), mul(X0, 0.123)))
add(mul(-0.959, mul(neg(exp(neg(X0))), 0.186)), add(mul(-0.803, 0.233), mul(X0, 0.123)))
Age of extinction, kill all.. Start new generation..



        filename            y_def          scale_X         pop_size         gen_size        tour_size      tour_factor       pars_coeff
 102C_origin.csv            False             10.0             2000               20               20              100            0.005


    |   Population Average    |             Best Individual              |
---- ------------------------- ------------------------------------------ ----------
 Gen   Length          Fitness   Length          Fitness      OOB Fitness  Time Left
   0    19.42      5.05673e+42       15          0.11392              N/A      3.27s
   1     9.46        8.025e+38       15        0.0862324              N/A     41.44s
   2     9.66       4.8597e+40       11        0.0803455              N/A     53.05s
   3     9.08      4.60204e+40        8        0.0718195              N/A     56.26s
   4     7.05      9.71116e+38        8        0.0718195              N/A     55.18s
   5     7.05       3.1336e+34        8        0.0718195              N/A     48.06s
   6     7.33      2.13653e+32        8        0.0718195              N/A     46.33s
   7     7.60      2.73446e+36        8        0.0718195              N/A     43.05s
   8     7.69      1.04785e+39        8        0.0718195              N/A     42.33s
   9     6.66      7.20898e+35        8        0.0718195              N/A     39.40s
  10     5.24      8.62912e+37        8        0.0718195              N/A     32.82s
  11     5.02      1.07642e+22        5        0.0800338              N/A     26.13s
  12     5.18      1.95865e+38        5        0.0800338              N/A     23.24s
  13     5.16      1.83787e+39        5        0.0800338              N/A     19.61s
  14     5.29      2.68991e+30        5        0.0800338              N/A     16.62s
  15     5.15      8.76011e+15        5        0.0782277              N/A     13.69s
  16     5.13      7.06266e+37        5        0.0782277              N/A      9.99s
  17     5.05      6.26193e+18        5        0.0782277              N/A      6.72s
  18     5.12      2.96394e+36        5        0.0781196              N/A      3.30s
  19     5.16      3.15039e+14        5        0.0781196              N/A      0.00s
printing the best individuals for the last 5 generations:
mul(0.103, add(X0, -0.758))
mul(0.103, add(X0, -0.758))
mul(0.103, add(X0, -0.758))
mul(0.103, add(X0, -0.791))
mul(0.103, add(X0, -0.791))
Age of extinction, kill all.. Start new generation..



        filename            y_def          scale_X         pop_size         gen_size        tour_size      tour_factor       pars_coeff
 102C_origin.csv            False             10.0             2000               20                4              500            0.001


    |   Population Average    |             Best Individual              |
---- ------------------------- ------------------------------------------ ----------
 Gen   Length          Fitness   Length          Fitness      OOB Fitness  Time Left
   0    19.42      5.05673e+42       15          0.11392              N/A      3.59s
   1    12.92      5.59116e+48       20         0.099775              N/A     41.75s
   2    11.76      3.24767e+39       19        0.0817721              N/A     55.24s
   3    11.20      2.70672e+39       19        0.0817721              N/A     59.66s
   4    10.52      6.90152e+39        5        0.0987851              N/A      1.02m
   5    10.18      3.81364e+38        5        0.0817136              N/A     56.84s
   6    11.46      3.40921e+38       10        0.0880188              N/A     53.76s
   7    12.27       5.2353e+39        8        0.0765243              N/A     51.97s
   8    12.45      1.27125e+39       34        0.0741726              N/A     48.87s
   9    12.26      1.01359e+39       35        0.0741726              N/A     44.40s
  10    11.48      3.44264e+38       37        0.0734212              N/A     40.42s
  11    10.04       2.5491e+41       39        0.0734212              N/A     34.88s
  12     9.27       7.6023e+38       39        0.0734212              N/A     29.37s
  13     8.34      4.45431e+39       36        0.0733679              N/A     24.54s
  14     7.76      2.18796e+35       19        0.0562664              N/A     19.37s
  15     7.64       3.1019e+38       19        0.0562664              N/A     15.80s
  16     7.87      1.81834e+37       19        0.0562664              N/A     11.32s
  17     8.16      1.11979e+35       19        0.0562664              N/A      7.82s
  18     8.79      1.05679e+38       19        0.0566054              N/A      3.93s
  19     9.10      8.57243e+33       19        0.0566054              N/A      0.00s
printing the best individuals for the last 5 generations:
sub(mul(mul(0.484, 0.239), sub(exp(neg(X0)), sub(sub(exp(neg(mul(X0, 0.044))), X0), 0.123))), 0.078)
sub(mul(mul(0.484, 0.239), sub(exp(neg(X0)), sub(sub(exp(neg(mul(X0, 0.044))), X0), 0.123))), 0.078)
sub(mul(mul(0.484, 0.239), sub(exp(neg(X0)), sub(sub(exp(neg(mul(X0, 0.044))), X0), 0.123))), 0.078)
sub(mul(mul(0.484, 0.239), sub(exp(neg(X0)), sub(sub(exp(neg(mul(X0, 0.083))), X0), 0.123))), 0.078)
sub(mul(mul(0.484, 0.239), sub(exp(neg(X0)), sub(sub(exp(neg(mul(X0, 0.083))), X0), 0.123))), 0.078)
Age of extinction, kill all.. Start new generation..



        filename            y_def          scale_X         pop_size         gen_size        tour_size      tour_factor       pars_coeff
 102C_origin.csv            False             10.0             2000               20                4              500            0.005


    |   Population Average    |             Best Individual              |
---- ------------------------- ------------------------------------------ ----------
 Gen   Length          Fitness   Length          Fitness      OOB Fitness  Time Left
   0    19.42      5.05673e+42       15          0.11392              N/A      3.26s
   1    12.71      5.59116e+48       20         0.099775              N/A     42.33s
   2    10.77      3.11398e+39       19        0.0817721              N/A     54.77s
   3     9.34       2.4619e+38       19        0.0817721              N/A     59.18s
   4     7.99      7.27124e+39       14          0.10198              N/A     57.98s
   5     7.26      1.10778e+37       12         0.099775              N/A     53.51s
   6     6.70       3.4245e+38        7        0.0841027              N/A     49.19s
   7     6.17      1.89415e+40       18        0.0782355              N/A     44.39s
   8     5.42      3.69258e+36       14         0.078254              N/A     39.19s
   9     4.65      4.82287e+39       12        0.0782616              N/A     34.04s
  10     4.03      5.73433e+22        8        0.0820674              N/A     29.45s
  11     3.65      1.18263e+35        8        0.0820674              N/A     25.48s
  12     3.45      2.65169e+29        8        0.0820674              N/A     21.60s
  13     3.37      2.11975e+39        8        0.0820674              N/A     18.12s
  14     3.34      1.63594e+29        8        0.0820674              N/A     15.13s
  15     3.55       3.0534e+14        8        0.0820674              N/A     12.32s
  16     3.57      3.52187e+38        8        0.0820674              N/A      9.16s
  17     3.63      7.98939e+34        5        0.0825357              N/A      6.10s
  18     3.89       5.5889e+38        5        0.0825357              N/A      3.07s
  19     3.88      6.87197e+34        5        0.0825357              N/A      0.00s
printing the best individuals for the last 5 generations:
add(sub(0.190, 0.297), neg(mul(X0, -0.118)))
add(sub(0.190, 0.297), neg(mul(X0, -0.118)))
mul(add(-0.789, X0), 0.099)
mul(0.099, add(-0.789, X0))
mul(0.099, add(-0.789, X0))
Age of extinction, kill all.. Start new generation..



        filename            y_def          scale_X         pop_size         gen_size        tour_size      tour_factor       pars_coeff
 102C_origin.csv            False             10.0             5000               20               50              100            0.001


    |   Population Average    |             Best Individual              |
---- ------------------------- ------------------------------------------ ----------
 Gen   Length          Fitness   Length          Fitness      OOB Fitness  Time Left
   0    20.10      1.81837e+46        8        0.0760338              N/A      7.70s
   1    10.25      4.17735e+40        8        0.0760338              N/A      1.67m
   2    10.77      1.16177e+39        8        0.0757142              N/A      2.14m
   3     7.89      4.29607e+38        8        0.0748298              N/A      2.26m
   4     7.83      1.55931e+38        8        0.0747068              N/A      2.09m
   5     6.52       1.3443e+34        6        0.0747068              N/A      2.10m
   6     6.09       1.0963e+40        6        0.0746841              N/A      1.82m
   7     6.09       9.9851e+40        6        0.0746841              N/A      1.73m
   8     6.14      1.67296e+39        6        0.0746841              N/A      1.49m
   9     6.12      1.98759e+38        6        0.0746841              N/A      1.40m
  10     5.82      1.61663e+37        6        0.0746841              N/A      1.26m
  11     5.11      4.60799e+33        6        0.0746841              N/A      1.14m
  12     5.13      4.18664e+37        5         0.074769              N/A     55.00s
  13     5.17      3.80653e+37        5        0.0746841              N/A     50.27s
  14     5.13      8.40945e+38        5        0.0746841              N/A     42.23s
  15     5.13      2.02574e+38        5         0.074684              N/A     32.76s
  16     5.18      1.65403e+34        5         0.074684              N/A     23.10s
  17     5.09      2.13167e+34        5         0.074684              N/A     15.27s
  18     5.15       4.2249e+37        5         0.074684              N/A      8.10s
  19     5.16      2.03338e+37        5         0.074684              N/A      0.00s
printing the best individuals for the last 5 generations:
mul(-0.106, sub(0.899, X0))
mul(-0.106, sub(0.899, X0))
mul(-0.106, sub(0.899, X0))
mul(-0.106, sub(0.899, X0))
mul(-0.106, sub(0.899, X0))
Age of extinction, kill all.. Start new generation..



        filename            y_def          scale_X         pop_size         gen_size        tour_size      tour_factor       pars_coeff
 102C_origin.csv            False             10.0             5000               20               50              100            0.005


    |   Population Average    |             Best Individual              |
---- ------------------------- ------------------------------------------ ----------
 Gen   Length          Fitness   Length          Fitness      OOB Fitness  Time Left
   0    20.10      1.81837e+46        8        0.0760338              N/A      6.82s
   1     8.54      3.53388e+39        8        0.0760338              N/A      1.70m
   2     8.97      6.10722e+38        8        0.0757142              N/A      2.11m
   3     7.06      2.72463e+38        8        0.0757142              N/A      2.19m
   4     6.65      6.71882e+39        6        0.0760338              N/A      1.98m
   5     5.53      9.11508e+34        5        0.0755071              N/A      1.93m
   6     6.01      1.38732e+39        6        0.0746841              N/A      1.69m
   7     5.97       9.9851e+40        6        0.0746841              N/A      1.65m
   8     5.29      1.57102e+40        6        0.0746841              N/A      1.61m
   9     5.17      1.85269e+39        5        0.0755071              N/A      1.31m
  10     5.10      1.61663e+37        5        0.0755071              N/A      1.24m
  11     5.10       4.3272e+34        7        0.0744913              N/A      1.11m
  12     5.13      3.93146e+38        5        0.0755071              N/A     57.98s
  13     5.17      3.38742e+38        5        0.0755071              N/A     49.99s
  14     5.13      8.40945e+38        5         0.074035              N/A     40.81s
  15     5.13      8.58625e+39        5         0.074035              N/A     33.63s
  16     5.18      8.70306e+35        5         0.074035              N/A     25.17s
  17     5.09      2.13167e+34        5        0.0739876              N/A     15.95s
  18     5.15      1.25839e+39        5        0.0739876              N/A      7.71s
  19     5.16      1.90942e+38        5        0.0739876              N/A      0.00s
printing the best individuals for the last 5 generations:
add(-0.106, mul(0.108, X0))
add(-0.106, mul(0.108, X0))
add(-0.097, mul(0.108, X0))
add(-0.097, mul(0.108, X0))
add(-0.097, mul(0.108, X0))
Age of extinction, kill all.. Start new generation..



        filename            y_def          scale_X         pop_size         gen_size        tour_size      tour_factor       pars_coeff
 102C_origin.csv            False             10.0             5000               20               10              500            0.001


    |   Population Average    |             Best Individual              |
---- ------------------------- ------------------------------------------ ----------
 Gen   Length          Fitness   Length          Fitness      OOB Fitness  Time Left
   0    20.10      1.81837e+46        8        0.0760338              N/A      7.37s
   1    12.43       5.2534e+39        8        0.0760338              N/A      1.69m
   2     9.66      2.20484e+39        8        0.0760338              N/A      2.19m
   3    11.32       3.4502e+39        8        0.0718195              N/A      2.24m
   4    12.66      2.13061e+39       16        0.0598567              N/A      2.44m
   5    11.60       3.6835e+39       25        0.0326302              N/A      2.43m
   6     9.55      4.62257e+38       25        0.0326302              N/A      2.26m
   7     8.57       4.1112e+37       25        0.0326302              N/A      1.97m
   8     8.98      1.96188e+38       25        0.0326302              N/A      1.75m
   9     8.68      2.76406e+76       25        0.0326302              N/A      1.62m
  10     8.58      8.52757e+38       25        0.0326302              N/A      1.46m
  11     8.36      7.41365e+38       23        0.0321403              N/A      1.32m
  12     8.25      1.24613e+42       33         0.028047              N/A      1.17m
  13     8.49      2.56311e+39       28        0.0265778              N/A     59.93s
  14     8.97      2.40196e+39       28        0.0265778              N/A     50.13s
  15     9.42      7.16964e+38       28        0.0265778              N/A     40.90s
  16    10.15      2.99991e+39       28        0.0265778              N/A     31.36s
  17    12.09      1.94525e+38       33        0.0264316              N/A     21.84s
  18    15.59      4.94931e+38       33        0.0264316              N/A     11.55s
  19    20.55      4.04932e+39       33        0.0264316              N/A      0.00s
printing the best individuals for the last 5 generations:
exp(mul(exp(add(0.277, sub(add(exp(mul(X0, 0.078)), sub(-0.095, X0)), mul(add(-0.882, 0.709), add(-0.769, X0))))), sub(neg(exp(0.078)), add(X0, X0))))
exp(mul(exp(add(0.277, sub(add(exp(mul(X0, 0.078)), sub(-0.095, X0)), mul(add(-0.882, 0.709), add(-0.769, X0))))), sub(neg(exp(0.078)), add(X0, X0))))
exp(mul(exp(add(0.277, sub(add(exp(mul(X0, 0.078)), sub(-0.095, X0)), mul(add(-0.882, 0.709), add(-0.769, X0))))), sub(neg(exp(add(exp(0.205), sub(-0.095, X0)))), add(X0, X0))))
exp(mul(exp(add(0.277, sub(add(exp(mul(X0, 0.078)), sub(-0.095, X0)), mul(add(-0.882, 0.709), add(-0.769, X0))))), sub(neg(exp(add(exp(0.205), sub(-0.095, X0)))), add(X0, X0))))
exp(mul(exp(add(0.277, sub(add(exp(mul(X0, 0.078)), sub(-0.095, X0)), mul(add(-0.882, 0.709), add(-0.769, X0))))), sub(neg(exp(add(exp(0.205), sub(-0.095, X0)))), add(X0, X0))))
Age of extinction, kill all.. Start new generation..



        filename            y_def          scale_X         pop_size         gen_size        tour_size      tour_factor       pars_coeff
 102C_origin.csv            False             10.0             5000               20               10              500            0.005


    |   Population Average    |             Best Individual              |
---- ------------------------- ------------------------------------------ ----------
 Gen   Length          Fitness   Length          Fitness      OOB Fitness  Time Left
   0    20.10      1.81837e+46        8        0.0760338              N/A      7.01s
   1    11.28      7.40016e+39        8        0.0760338              N/A      1.70m
   2     8.02      3.15555e+39        8        0.0760338              N/A      2.18m
   3     8.18      3.02768e+42        8        0.0718195              N/A      2.23m
   4     8.47      1.06049e+39        8        0.0718195              N/A      2.26m
   5     7.40      2.38344e+39        8        0.0718195              N/A      2.19m
   6     5.45      6.11553e+36        8        0.0718195              N/A      1.95m
   7     4.79      1.21134e+19        8        0.0718195              N/A      1.66m
   8     5.93      1.09782e+37        8        0.0718195              N/A      1.49m
   9     6.78      2.94343e+75        8        0.0718195              N/A      1.43m
  10     6.81      8.93726e+36        8        0.0718195              N/A      1.35m
  11     6.36      7.02247e+19        8        0.0718195              N/A      1.21m
  12     5.90      1.11676e+41        8        0.0718195              N/A      1.05m
  13     5.59      1.98762e+38        8        0.0718195              N/A     52.83s
  14     5.26      1.53756e+37        6        0.0746839              N/A     42.52s
  15     5.16      2.08081e+28        6        0.0746839              N/A     32.59s
  16     5.20      1.01084e+40        5        0.0746857              N/A     24.61s
  17     5.11      1.70088e+36        5        0.0746831              N/A     16.39s
  18     5.16      1.76753e+39        5        0.0746831              N/A      8.32s
  19     5.14      7.83497e+30        5        0.0746831              N/A      0.00s
printing the best individuals for the last 5 generations:
mul(-0.106, sub(neg(-0.899), X0))
mul(-0.106, sub(0.910, X0))
mul(-0.106, sub(0.906, X0))
mul(-0.106, sub(0.906, X0))
mul(-0.106, sub(0.906, X0))
Age of extinction, kill all.. Start new generation..

