
113C_mod.csv



        filename            y_def          scale_X         pop_size         gen_size        tour_size      tour_factor       pars_coeff
    113C_mod.csv             True             10.0             2000               20               20              100            0.001


    |   Population Average    |             Best Individual              |
---- ------------------------- ------------------------------------------ ----------
 Gen   Length          Fitness   Length          Fitness      OOB Fitness  Time Left
   0    19.42      3.50945e+85       15        0.0610297              N/A     16.11s
   1     9.99      7.40224e+42        8        0.0458857              N/A     50.61s
   2    10.57      1.72958e+40        8        0.0458857              N/A      1.04m
   3    11.42      1.97282e+40       15        0.0259383              N/A      1.07m
   4    12.93      3.92213e+40       17        0.0221698              N/A      1.15m
   5    11.16      4.22896e+40       17        0.0221698              N/A      1.05m
   6    10.26      3.34637e+40       17        0.0221698              N/A     54.33s
   7    13.17      2.57023e+40       17        0.0221698              N/A     50.95s
   8    14.62      1.35096e+40       17        0.0221698              N/A     49.68s
   9    14.74      2.28978e+41       17        0.0221698              N/A     52.03s
  10    13.86      1.64643e+40       17        0.0221698              N/A     47.43s
  11    11.99       1.6342e+40       17        0.0221698              N/A     39.99s
  12    11.67      9.89875e+39       17        0.0221698              N/A     36.14s
  13    11.50      2.16053e+40       12         0.022406              N/A     30.63s
  14    11.37      6.65404e+39       12         0.022406              N/A     25.25s
  15    10.92      4.19644e+39       12         0.022406              N/A     19.42s
  16    10.96      3.98699e+39       12         0.022406              N/A     13.83s
  17    11.09      6.57026e+39       12         0.022406              N/A      9.53s
  18    11.28      3.39483e+39       12         0.022406              N/A      4.90s
  19    11.02      3.57081e+39       12         0.022406              N/A      0.00s
printing the best individuals for the last 5 generations:
exp(mul(neg(-0.192), mul(mul(0.506, X0), neg(add(X0, -0.764)))))
exp(mul(neg(-0.192), mul(mul(0.506, X0), neg(add(X0, -0.764)))))
exp(mul(neg(-0.192), mul(mul(0.506, X0), neg(add(X0, -0.764)))))
exp(mul(neg(-0.192), mul(mul(0.506, X0), neg(add(X0, -0.764)))))
exp(mul(neg(-0.192), mul(mul(0.506, X0), neg(add(X0, -0.764)))))
Age of extinction, kill all.. Start new generation..



        filename            y_def          scale_X         pop_size         gen_size        tour_size      tour_factor       pars_coeff
    113C_mod.csv             True             10.0             2000               20               20              100            0.005


    |   Population Average    |             Best Individual              |
---- ------------------------- ------------------------------------------ ----------
 Gen   Length          Fitness   Length          Fitness      OOB Fitness  Time Left
   0    19.42      3.50945e+85       15        0.0610297              N/A      3.59s
   1     8.89      7.39965e+42       15        0.0610297              N/A     47.84s
   2     8.31      9.73738e+39        8        0.0483211              N/A      1.02m
   3     7.91      2.58216e+40       19        0.0391105              N/A      1.00m
   4     8.35      3.75366e+40       19        0.0391105              N/A     58.29s
   5    10.07      5.08401e+40       18        0.0390336              N/A      1.01m
   6     8.37      1.08557e+40       19        0.0391105              N/A     55.67s
   7     7.96       1.1864e+40       10        0.0400478              N/A     48.03s
   8     7.98      1.10868e+40        8        0.0415473              N/A     47.06s
   9     7.95      2.29664e+41        8        0.0415473              N/A     42.49s
  10     8.00      1.43764e+40        8        0.0415473              N/A     41.18s
  11     7.78      1.70742e+40        8        0.0415473              N/A     34.56s
  12     7.97      2.09419e+40        8        0.0415473              N/A     29.57s
  13     7.92      3.41938e+40       10        0.0415014              N/A     27.95s
  14     8.18      4.34818e+40        8        0.0415473              N/A     21.39s
  15     8.00      1.10644e+40        8        0.0415473              N/A     16.83s
  16     8.00      2.07807e+40        8        0.0415473              N/A     13.99s
  17     7.90      1.59458e+40        8        0.0415473              N/A      8.24s
  18     7.96      1.79837e+40        8        0.0415473              N/A      4.54s
  19     7.97      1.37979e+40        8        0.0415473              N/A      0.00s
printing the best individuals for the last 5 generations:
exp(mul(mul(-0.259, X0), mul(0.284, X0)))
exp(mul(mul(-0.259, X0), mul(0.284, X0)))
exp(mul(mul(-0.259, X0), mul(0.284, X0)))
exp(mul(mul(-0.259, X0), mul(0.284, X0)))
exp(mul(mul(-0.259, X0), mul(0.284, X0)))
Age of extinction, kill all.. Start new generation..



        filename            y_def          scale_X         pop_size         gen_size        tour_size      tour_factor       pars_coeff
    113C_mod.csv             True             10.0             2000               20                4              500            0.001


    |   Population Average    |             Best Individual              |
---- ------------------------- ------------------------------------------ ----------
 Gen   Length          Fitness   Length          Fitness      OOB Fitness  Time Left
   0    19.42      3.50945e+85       15        0.0610297              N/A      3.47s
   1    12.88      1.57253e+48       18         0.103616              N/A     45.99s
   2    11.57      2.95522e+40       17        0.0605358              N/A      1.02m
   3    11.42      2.39409e+40       42        0.0728947              N/A      1.08m
   4    12.11        1.055e+40       25        0.0639465              N/A      1.20m
   5    12.90      9.67646e+39       34        0.0559924              N/A      1.14m
   6    15.69      1.89547e+43       32        0.0457866              N/A      1.11m
   7    19.16      1.12728e+40       28        0.0369436              N/A      1.10m
   8    23.89      2.20233e+40       23        0.0346488              N/A      1.04m
   9    27.98      8.20726e+40       37        0.0254248              N/A      1.07m
  10    31.86      2.04705e+40       30         0.032743              N/A      1.10m
  11    36.66      2.01465e+40       65        0.0330308              N/A      1.07m
  12    39.05      2.18738e+40       65        0.0330308              N/A      1.02m
  13    40.26      2.47586e+40       30        0.0314222              N/A     53.51s
  14    40.58      2.09565e+40       59        0.0290113              N/A     46.82s
  15    41.77      2.40932e+40       59        0.0290113              N/A     37.78s
  16    42.44      1.58622e+40       39        0.0311006              N/A     30.70s
  17    41.83      1.41394e+40       65        0.0280102              N/A     20.19s
  18    40.44      1.14965e+40       53        0.0243504              N/A     10.35s
  19    38.90      1.17971e+40       53        0.0243504              N/A      0.00s
printing the best individuals for the last 5 generations:
exp(mul(mul(mul(neg(neg(0.488)), mul(add(X0, X0), 0.008)), sub(mul(exp(mul(sub(0.771, X0), exp(-0.908))), neg(X0)), neg(mul(X0, -0.849)))), mul(add(exp(sub(X0, X0)), sub(add(exp(neg(mul(neg(X0), exp(neg(X0))))), 0.438), sub(X0, X0))), add(sub(sub(X0, add(-0.602, X0)), exp(-0.259)), neg(neg(X0))))))
exp(mul(mul(-0.038, X0), mul(mul(sub(-0.965, X0), exp(-0.908)), sub(mul(X0, -0.849), exp(neg(exp(neg(mul(mul(sub(0.771, X0), neg(-0.908)), sub(sub(X0, X0), sub(exp(neg(mul(0.742, X0))), neg(X0))))))))))))
exp(mul(mul(mul(neg(-0.452), mul(add(X0, X0), 0.008)), sub(mul(exp(-0.140), neg(X0)), sub(mul(X0, 0.398), add(0.770, 0.053)))), mul(add(neg(neg(0.525)), sub(add(exp(sub(X0, X0)), 0.438), neg(mul(X0, exp(mul(mul(-0.038, X0), mul(mul(sub(-0.965, X0), exp(-0.908)), sub(sub(-0.270, X0), exp(-0.908))))))))), add(sub(0.721, exp(-0.259)), neg(neg(X0))))))
exp(mul(mul(-0.038, X0), add(neg(neg(0.525)), sub(add(neg(exp(mul(mul(X0, -0.849), mul(neg(-0.665), add(sub(sub(X0, X0), exp(-0.259)), neg(mul(mul(-0.038, X0), mul(mul(-0.243, X0), sub(sub(X0, X0), sub(exp(exp(sub(0.771, X0))), neg(mul(X0, X0)))))))))))), X0), neg(X0)))))
exp(mul(mul(-0.038, X0), add(neg(neg(0.525)), sub(add(neg(exp(mul(mul(X0, -0.849), mul(neg(-0.665), add(sub(sub(X0, X0), exp(-0.259)), neg(mul(mul(-0.038, X0), mul(mul(-0.243, X0), sub(sub(X0, X0), sub(exp(exp(sub(0.771, X0))), neg(mul(X0, X0)))))))))))), X0), neg(X0)))))
Age of extinction, kill all.. Start new generation..



        filename            y_def          scale_X         pop_size         gen_size        tour_size      tour_factor       pars_coeff
    113C_mod.csv             True             10.0             2000               20                4              500            0.005


    |   Population Average    |             Best Individual              |
---- ------------------------- ------------------------------------------ ----------
 Gen   Length          Fitness   Length          Fitness      OOB Fitness  Time Left
   0    19.42      3.50945e+85       15        0.0610297              N/A      4.16s
   1    12.70      1.57253e+48       18         0.103616              N/A     45.98s
   2    10.86      2.89069e+40       17        0.0605358              N/A     56.64s
   3     9.61      6.61699e+39       19        0.0995393              N/A      1.06m
   4     9.20      7.21666e+39       11        0.0686278              N/A      1.12m
   5     8.98      3.36425e+39        8         0.041713              N/A      1.09m
   6     9.21      2.96492e+40       33        0.0799235              N/A     59.15s
   7     9.28      5.37582e+39       37        0.0626667              N/A     50.45s
   8    10.03      7.49161e+39       15        0.0407436              N/A     50.25s
   9    10.07      8.57647e+39       20        0.0432134              N/A     45.29s
  10    10.13       9.6432e+39       16         0.041026              N/A     40.94s
  11     9.88      1.40597e+40       32        0.0388347              N/A     40.01s
  12    10.04      8.61726e+39       24        0.0339598              N/A     31.56s
  13     9.60      1.08033e+40       34        0.0366337              N/A     29.10s
  14     9.01      1.70067e+40       34        0.0366337              N/A     24.08s
  15     9.04      6.25448e+39       17         0.034782              N/A     18.51s
  16     8.81      9.49936e+39       13        0.0329946              N/A     14.25s
  17     8.77      8.80901e+39       20        0.0229582              N/A      9.71s
  18     8.61       4.0754e+41       19         0.026567              N/A      4.89s
  19     8.02      1.11792e+40       19         0.026567              N/A      0.00s
printing the best individuals for the last 5 generations:
exp(mul(neg(mul(-0.038, X0)), sub(mul(X0, -0.225), sub(X0, mul(X0, mul(-0.243, X0))))))
exp(mul(mul(X0, mul(X0, -0.113)), exp(neg(exp(mul(-0.225, X0))))))
exp(sub(mul(mul(X0, -0.113), X0), neg(mul(neg(mul(-0.243, X0)), exp(sub(mul(0.319, -0.524), exp(-0.489)))))))
exp(mul(sub(0.919, X0), mul(mul(mul(X0, mul(-0.243, X0)), exp(mul(X0, -0.225))), sub(0.691, 0.997))))
exp(mul(sub(0.919, X0), mul(mul(mul(X0, mul(-0.243, X0)), exp(mul(-0.225, X0))), sub(0.691, 0.997))))
Age of extinction, kill all.. Start new generation..



        filename            y_def          scale_X         pop_size         gen_size        tour_size      tour_factor       pars_coeff
    113C_mod.csv             True             10.0             5000               20               50              100            0.001


    |   Population Average    |             Best Individual              |
---- ------------------------- ------------------------------------------ ----------
 Gen   Length          Fitness   Length          Fitness      OOB Fitness  Time Left
   0    20.10      3.46458e+86       28        0.0419062              N/A      9.18s
   1     9.00      1.94869e+44       29        0.0316224              N/A      2.03m
   2    12.63      2.45242e+40       14         0.018875              N/A      2.46m
   3    22.66      3.27595e+40       14         0.018875              N/A      2.59m
   4    18.07      1.76032e+40       14         0.018875              N/A      2.99m
   5    12.50      1.38884e+40       14         0.018875              N/A      2.72m
   6    13.64      1.02704e+40       25        0.0157715              N/A      2.36m
   7    13.27      1.28206e+44       16        0.0167643              N/A      2.52m
   8    11.04        1.397e+40       16        0.0167643              N/A      2.32m
   9     9.00      4.54142e+42       12        0.0223573              N/A      1.82m
  10     8.92      1.97984e+40        9        0.0226264              N/A      1.67m
  11     8.88       1.6369e+40        9        0.0226264              N/A      1.44m
  12     8.94       1.4561e+40        9        0.0226264              N/A      1.15m
  13     8.94      1.53112e+40       13         0.022329              N/A      1.09m
  14     8.97      2.10975e+40        9        0.0224505              N/A     56.27s
  15     8.92      1.41136e+40       11        0.0223544              N/A     47.98s
  16     9.04      1.40529e+40        9        0.0223733              N/A     34.69s
  17     8.83      1.46411e+40        9        0.0222222              N/A     22.13s
  18     8.91      8.86092e+43        9        0.0222222              N/A     10.24s
  19     8.94      1.34969e+40       13        0.0221423              N/A      0.00s
printing the best individuals for the last 5 generations:
exp(mul(mul(add(-0.750, sub(X0, 0.075)), 0.098), neg(X0)))
exp(mul(mul(add(-0.764, X0), 0.098), neg(X0)))
exp(mul(mul(add(-0.777, X0), 0.098), neg(X0)))
exp(mul(mul(add(-0.777, X0), 0.098), neg(X0)))
exp(mul(mul(add(mul(0.159, -0.566), add(X0, -0.708)), 0.098), neg(X0)))
Age of extinction, kill all.. Start new generation..



        filename            y_def          scale_X         pop_size         gen_size        tour_size      tour_factor       pars_coeff
    113C_mod.csv             True             10.0             5000               20               50              100            0.005


    |   Population Average    |             Best Individual              |
---- ------------------------- ------------------------------------------ ----------
 Gen   Length          Fitness   Length          Fitness      OOB Fitness  Time Left
   0    20.10      3.46458e+86       28        0.0419062              N/A      7.97s
   1     8.01      5.43539e+43       29        0.0316224              N/A      1.92m
   2     8.02      1.50514e+40       14         0.018875              N/A      2.31m
   3     8.15      2.95582e+40       14         0.018875              N/A      2.39m
   4     9.78      1.14573e+40       14         0.018875              N/A      2.42m
   5     9.37      4.99925e+39       14         0.018875              N/A      2.38m
   6     9.08      5.20056e+39       10        0.0221431              N/A      2.23m
   7     9.12       1.0962e+48       10        0.0221431              N/A      1.94m
   8     8.75      4.12777e+39        9        0.0222294              N/A      1.81m
   9     8.13      4.52461e+42        9        0.0221437              N/A      1.83m
  10     7.92      4.41457e+39       14        0.0221985              N/A      1.42m
  11     7.92      5.63218e+39        8        0.0224748              N/A      1.47m
  12     7.99      4.96263e+49        8        0.0224371              N/A      1.26m
  13     7.99      4.50386e+56        8        0.0224371              N/A      1.11m
  14     7.97      1.30984e+40       10        0.0222544              N/A     55.89s
  15     7.95      3.16312e+39        8        0.0224371              N/A     39.14s
  16     8.06      4.32466e+39        8        0.0224371              N/A     29.64s
  17     7.89      3.39997e+39        8        0.0224371              N/A     21.43s
  18     7.99      8.85971e+43        8         0.022144              N/A     11.12s
  19     7.99      4.55922e+39        8         0.022144              N/A      0.00s
printing the best individuals for the last 5 generations:
exp(mul(mul(X0, 0.098), sub(0.760, X0)))
exp(mul(mul(X0, 0.098), sub(0.760, X0)))
exp(mul(mul(X0, 0.098), sub(0.760, X0)))
exp(mul(mul(X0, 0.098), sub(0.799, X0)))
exp(mul(mul(X0, 0.098), sub(0.799, X0)))
Age of extinction, kill all.. Start new generation..



        filename            y_def          scale_X         pop_size         gen_size        tour_size      tour_factor       pars_coeff
    113C_mod.csv             True             10.0             5000               20               10              500            0.001


    |   Population Average    |             Best Individual              |
---- ------------------------- ------------------------------------------ ----------
 Gen   Length          Fitness   Length          Fitness      OOB Fitness  Time Left
   0    20.10      3.46458e+86       28        0.0419062              N/A      8.20s
   1    11.47      3.75163e+41       28        0.0419062              N/A      1.90m
   2     9.71      3.73433e+42       38        0.0498823              N/A      2.48m
   3    11.69      2.98735e+41       19        0.0296785              N/A      2.52m
   4    14.43      3.13158e+40       28        0.0256699              N/A      2.91m
   5    18.85      2.09081e+40       12        0.0232513              N/A      3.02m
   6    24.17      3.60322e+41       22        0.0206252              N/A      3.30m
   7    25.14      2.21421e+40       22        0.0206252              N/A      3.44m
   8    25.38      2.07629e+40       40        0.0194796              N/A      3.36m
   9    24.72       1.9632e+40       40        0.0194796              N/A      2.69m
  10    23.10      1.91253e+40       37         0.016388              N/A      2.40m
  11    20.90      1.18383e+40       37         0.016388              N/A      2.14m
  12    17.93      2.16191e+42       37         0.016388              N/A      1.79m
  13    15.44      6.73969e+39       41        0.0192201              N/A      1.46m
  14    13.87      7.34996e+39       21        0.0206079              N/A      1.14m
  15    12.69      5.09514e+39       41        0.0186634              N/A     50.72s
  16    12.20      2.99255e+39       33        0.0178396              N/A     37.32s
  17    11.35      4.81696e+39       35        0.0210019              N/A     23.29s
  18    10.58      4.78792e+39       24        0.0200529              N/A     12.20s
  19     9.83       3.5667e+39       16        0.0219462              N/A      0.00s
printing the best individuals for the last 5 generations:
exp(mul(neg(mul(neg(0.083), sub(exp(mul(mul(mul(0.969, X0), 0.098), add(add(mul(X0, -0.061), mul(sub(0.321, -0.699), add(neg(-0.527), neg(X0)))), mul(mul(X0, 0.098), sub(sub(0.760, -0.391), sub(X0, -0.287)))))), X0))), X0))
exp(mul(mul(X0, 0.098), add(exp(mul(mul(X0, 0.098), mul(exp(mul(mul(X0, 0.098), sub(sub(0.760, -0.391), sub(X0, -0.287)))), sub(sub(0.760, -0.391), sub(X0, -0.287))))), neg(X0))))
exp(mul(mul(X0, 0.098), sub(exp(mul(mul(X0, 0.098), exp(mul(exp(mul(mul(X0, 0.098), sub(sub(0.760, -0.391), sub(X0, -0.287)))), sub(sub(0.760, -0.391), sub(X0, -0.287)))))), sub(X0, -0.287))))
exp(mul(mul(X0, 0.098), add(add(exp(mul(mul(X0, 0.098), sub(sub(0.355, 0.731), sub(X0, -0.287)))), mul(X0, 0.098)), neg(X0))))
exp(mul(mul(X0, 0.098), add(exp(mul(mul(X0, 0.098), neg(exp(0.328)))), neg(X0))))
Age of extinction, kill all.. Start new generation..



        filename            y_def          scale_X         pop_size         gen_size        tour_size      tour_factor       pars_coeff
    113C_mod.csv             True             10.0             5000               20               10              500            0.005


    |   Population Average    |             Best Individual              |
---- ------------------------- ------------------------------------------ ----------
 Gen   Length          Fitness   Length          Fitness      OOB Fitness  Time Left
   0    20.10      3.46458e+86       28        0.0419062              N/A      9.52s
   1    10.75      5.03998e+43       28        0.0419062              N/A      1.97m
   2     7.95      1.02901e+40       33        0.0480631              N/A      2.43m
   3     8.79       2.9689e+41       19        0.0296785              N/A      2.57m
   4     8.91      9.50437e+39       11        0.0276679              N/A      2.63m
   5     7.73      1.12535e+40       19        0.0206889              N/A      2.64m
   6     7.18      1.70883e+40       13        0.0213528              N/A      2.28m
   7     7.69      3.56464e+40       17        0.0207455              N/A      2.14m
   8     8.07      1.49529e+40       17        0.0207455              N/A      2.00m
   9     8.07      1.33289e+40       18        0.0207049              N/A      1.84m
  10     8.25      1.05531e+40       18        0.0207049              N/A      1.67m
  11     8.38      1.01025e+40       18        0.0207049              N/A      1.52m
  12     8.49      2.15509e+42       18        0.0207049              N/A      1.33m
  13     8.89      6.96353e+39       17        0.0207269              N/A      1.10m
  14     9.38      1.05317e+40       17        0.0207269              N/A     56.75s
  15     9.84      5.24332e+39       17        0.0207269              N/A     44.71s
  16    10.24      6.45848e+39       19        0.0210626              N/A     36.16s
  17    10.15      6.97568e+39       17        0.0207269              N/A     24.39s
  18     9.99      1.96227e+39       10        0.0219117              N/A     12.08s
  19     9.93      1.93336e+39       10        0.0218966              N/A      0.00s
printing the best individuals for the last 5 generations:
exp(mul(mul(X0, 0.098), add(mul(-0.942, X0), exp(mul(mul(-0.247, X0), mul(X0, 0.298))))))
exp(mul(mul(X0, 0.098), add(mul(-0.942, X0), exp(mul(mul(sub(X0, 0.712), 0.298), mul(-0.331, X0))))))
exp(mul(mul(X0, 0.098), add(mul(-0.942, X0), exp(mul(mul(X0, 0.298), mul(-0.247, X0))))))
exp(mul(mul(add(X0, -0.838), 0.298), mul(-0.331, X0)))
exp(mul(mul(sub(X0, 0.837), 0.298), mul(-0.331, X0)))
Age of extinction, kill all.. Start new generation..



        filename            y_def          scale_X         pop_size         gen_size        tour_size      tour_factor       pars_coeff
    113C_mod.csv            False             10.0             2000               20               20              100            0.001


    |   Population Average    |             Best Individual              |
---- ------------------------- ------------------------------------------ ----------
 Gen   Length          Fitness   Length          Fitness      OOB Fitness  Time Left
   0    19.42      3.50945e+85        4          0.13827              N/A      3.39s
   1    10.14      1.24515e+43       13         0.133409              N/A     50.04s
   2    10.72      2.29833e+42       11         0.100424              N/A     55.51s
   3     9.62      4.51988e+39       23        0.0945596              N/A      1.10m
   4     5.77      3.40744e+40       21        0.0538115              N/A      1.11m
   5     8.71      4.02129e+39       20          0.02822              N/A     52.09s
   6    14.97      3.24675e+39       29        0.0170217              N/A     53.60s
   7    20.40      1.10308e+39       30        0.0161209              N/A      1.02m
   8    22.70      1.81729e+39       30        0.0161209              N/A      1.06m
   9    22.49      1.01692e+39       54        0.0105454              N/A      1.02m
  10    22.46      1.44581e+39       32        0.0154033              N/A      1.04m
  11    21.27      1.73187e+38       30        0.0161209              N/A     49.02s
  12    21.64      1.94779e+39       30        0.0161209              N/A     43.19s
  13    21.72      5.81175e+38       30        0.0161209              N/A     34.83s
  14    21.26      8.59496e+38       29        0.0170217              N/A     30.47s
  15    20.11      1.14539e+39       29        0.0170217              N/A     23.89s
  16    19.40       7.4083e+38       18        0.0174164              N/A     18.46s
  17    18.77       3.8324e+38       18        0.0174164              N/A     13.09s
  18    18.35      8.06366e+38       18        0.0172075              N/A      6.16s
  19    17.76      1.31407e+39       18        0.0172075              N/A      0.00s
printing the best individuals for the last 5 generations:
exp(mul(exp(mul(-0.460, X0)), sub(neg(exp(exp(sub(exp(sub(neg(sub(-0.709, 0.402)), exp(neg(X0)))), sub(sub(0.870, 0.398), neg(X0)))))), sub(0.903, 0.171))))
exp(neg(exp(sub(exp(exp(mul(neg(mul(-0.709, 0.402)), mul(X0, 0.123)))), sub(0.402, neg(X0))))))
exp(neg(exp(sub(exp(exp(mul(neg(mul(-0.709, 0.402)), mul(X0, 0.123)))), sub(0.402, neg(X0))))))
exp(neg(exp(sub(exp(exp(mul(exp(sub(-0.730, 0.402)), mul(X0, 0.123)))), sub(0.402, neg(X0))))))
exp(neg(exp(sub(exp(exp(mul(exp(sub(-0.730, 0.402)), mul(X0, 0.123)))), sub(0.402, neg(X0))))))
Age of extinction, kill all.. Start new generation..



        filename            y_def          scale_X         pop_size         gen_size        tour_size      tour_factor       pars_coeff
    113C_mod.csv            False             10.0             2000               20               20              100            0.005


    |   Population Average    |             Best Individual              |
---- ------------------------- ------------------------------------------ ----------
 Gen   Length          Fitness   Length          Fitness      OOB Fitness  Time Left
   0    19.42      3.50945e+85        4          0.13827              N/A      3.52s
   1     8.75      1.24044e+43       13         0.133409              N/A     44.90s
   2     8.85      1.33441e+41       15         0.133237              N/A      1.09m
   3     7.64      3.36305e+39       12        0.0899952              N/A     59.57s
   4     4.53      4.42724e+39       12        0.0899952              N/A      1.00m
   5     4.04      4.49709e+39       12        0.0899952              N/A     48.38s
   6     4.13      2.93387e+39       20        0.0517982              N/A     45.07s
   7     6.15      4.28467e+38       20        0.0517982              N/A     42.71s
   8    10.15      9.14245e+38       20        0.0517982              N/A     39.95s
   9    11.82      2.15378e+41       20        0.0517982              N/A     42.61s
  10    12.03      1.92727e+39       20        0.0448022              N/A     41.62s
  11    12.02      1.60503e+39       23        0.0434105              N/A     38.62s
  12    11.04      1.94637e+39       20        0.0448022              N/A     35.80s
  13    10.81      1.45576e+40       23        0.0443717              N/A     28.96s
  14    12.33      2.76479e+39       23        0.0504255              N/A     24.92s
  15    14.25       1.1773e+39       16        0.0368656              N/A     19.69s
  16    14.64      3.23867e+39       18        0.0241566              N/A     15.31s
  17    13.82      6.95248e+39       21        0.0229707              N/A     11.66s
  18    13.97      1.09467e+40       25        0.0156267              N/A      5.42s
  19    13.39      3.79826e+39       25        0.0156267              N/A      0.00s
printing the best individuals for the last 5 generations:
exp(mul(exp(sub(exp(0.493), add(X0, -0.137))), sub(-0.905, exp(exp(mul(-0.460, X0))))))
exp(mul(exp(mul(-0.460, X0)), mul(neg(exp(exp(sub(exp(0.493), add(X0, -0.137))))), exp(0.731))))
exp(mul(exp(mul(-0.460, X0)), mul(neg(exp(exp(sub(exp(exp(mul(-0.460, X0))), add(X0, -0.137))))), exp(0.731))))
exp(mul(exp(sub(exp(0.493), add(X0, -0.137))), sub(-0.905, exp(exp(mul(exp(sub(exp(0.493), add(X0, -0.137))), sub(-0.905, exp(0.731))))))))
exp(mul(exp(sub(exp(0.493), add(X0, -0.137))), sub(-0.905, exp(exp(mul(exp(sub(exp(0.493), add(X0, -0.137))), sub(-0.905, exp(0.731))))))))
Age of extinction, kill all.. Start new generation..



        filename            y_def          scale_X         pop_size         gen_size        tour_size      tour_factor       pars_coeff
    113C_mod.csv            False             10.0             2000               20                4              500            0.001


    |   Population Average    |             Best Individual              |
---- ------------------------- ------------------------------------------ ----------
 Gen   Length          Fitness   Length          Fitness      OOB Fitness  Time Left
   0    19.42      3.50945e+85        4          0.13827              N/A      3.75s
   1    12.84      1.57253e+48       12         0.127591              N/A     49.44s
   2    11.25      2.77671e+40        3         0.136281              N/A      1.02m
   3    10.19      7.38855e+64        3         0.143029              N/A      1.13m
   4     9.37      8.31104e+42        9         0.136281              N/A      1.15m
   5     9.70      9.04808e+40       24          0.12973              N/A      1.02m
   6    10.83      4.55022e+42       37        0.0606812              N/A      1.01m
   7    12.07      8.50673e+82       37        0.0600007              N/A     56.14s
   8    13.37      9.68107e+43       37        0.0600007              N/A     56.38s
   9    15.07       8.5857e+84       36        0.0342903              N/A     52.82s
  10    14.91      5.88683e+66       52        0.0163777              N/A     47.80s
  11    13.21      3.31248e+41       19        0.0161504              N/A     46.12s
  12    10.62        6.674e+39       32        0.0143429              N/A     36.75s
  13     8.00      4.56049e+40       32        0.0143429              N/A     28.63s
  14     6.20      1.44921e+40       32        0.0143429              N/A     19.84s
  15     6.38      5.13758e+38       32        0.0143429              N/A     15.16s
  16     7.36      4.48085e+41       31        0.0138956              N/A     12.71s
  17     9.19      2.56128e+38       36        0.0139003              N/A      8.65s
  18    12.97      1.83792e+42       31        0.0138956              N/A      4.43s
  19    16.77      4.07282e+38       31        0.0138956              N/A      0.00s
printing the best individuals for the last 5 generations:
exp(neg(mul(add(add(add(neg(-0.060), neg(X0)), add(neg(0.214), mul(0.737, 0.170))), neg(add(sub(-0.540, X0), neg(0.699)))), exp(sub(exp(mul(X0, 0.132)), sub(X0, 0.997))))))
exp(neg(mul(add(add(add(neg(mul(X0, 0.123)), neg(X0)), mul(X0, 0.123)), neg(add(sub(-0.540, X0), neg(0.699)))), exp(sub(exp(mul(X0, 0.123)), sub(X0, 0.997))))))
exp(neg(mul(add(add(add(neg(mul(mul(X0, 0.123), sub(X0, X0))), neg(X0)), add(0.123, neg(0.123))), neg(add(sub(-0.540, X0), neg(0.699)))), exp(sub(exp(mul(X0, 0.123)), sub(X0, 0.997))))))
exp(neg(mul(add(add(add(neg(mul(X0, 0.123)), neg(X0)), mul(X0, 0.123)), neg(add(sub(-0.540, X0), neg(0.699)))), exp(sub(exp(mul(X0, 0.123)), sub(X0, 0.997))))))
exp(neg(mul(add(add(add(neg(mul(X0, 0.123)), neg(X0)), mul(X0, 0.123)), neg(add(sub(-0.540, X0), neg(0.699)))), exp(sub(exp(mul(X0, 0.123)), sub(X0, 0.997))))))
Age of extinction, kill all.. Start new generation..



        filename            y_def          scale_X         pop_size         gen_size        tour_size      tour_factor       pars_coeff
    113C_mod.csv            False             10.0             2000               20                4              500            0.005


    |   Population Average    |             Best Individual              |
---- ------------------------- ------------------------------------------ ----------
 Gen   Length          Fitness   Length          Fitness      OOB Fitness  Time Left
   0    19.42      3.50945e+85        4          0.13827              N/A      3.49s
   1    12.63      1.57253e+48       12         0.127591              N/A     44.04s
   2    10.10      2.77248e+40        3         0.136281              N/A     57.09s
   3     8.29      7.38855e+64        3         0.136281              N/A     59.25s
   4     7.22      7.84199e+40        3         0.136281              N/A      1.07m
   5     6.41      8.81719e+39       19        0.0768807              N/A     56.64s
   6     6.07      1.12035e+40       16        0.0966867              N/A     51.71s
   7     5.68      3.99683e+39       16        0.0966867              N/A     44.85s
   8     5.65      8.13039e+43       16        0.0966867              N/A     42.05s
   9     5.47      2.19587e+40       13         0.136122              N/A     39.97s
  10     4.81      1.40154e+39       29         0.128654              N/A     33.31s
  11     4.09      4.84202e+39       13          0.13422              N/A     27.18s
  12     3.47      2.92037e+39       28         0.129692              N/A     25.11s
  13     3.26      1.39645e+39        3         0.136281              N/A     19.69s
  14     3.21      1.35995e+40        3         0.136281              N/A     16.77s
  15     3.40      4.65972e+38        3         0.136281              N/A     13.77s
  16     3.33      4.48108e+41        3         0.136281              N/A     10.08s
  17     3.28      2.56476e+38        3         0.136281              N/A      6.85s
  18     3.35      1.83649e+42        3         0.136281              N/A      3.52s
  19     3.24      2.23705e+40        3         0.136281              N/A      0.00s
printing the best individuals for the last 5 generations:
mul(X0, 0.123)
mul(X0, 0.123)
mul(X0, 0.123)
mul(X0, 0.123)
mul(X0, 0.123)
Age of extinction, kill all.. Start new generation..



        filename            y_def          scale_X         pop_size         gen_size        tour_size      tour_factor       pars_coeff
    113C_mod.csv            False             10.0             5000               20               50              100            0.001


    |   Population Average    |             Best Individual              |
---- ------------------------- ------------------------------------------ ----------
 Gen   Length          Fitness   Length          Fitness      OOB Fitness  Time Left
   0    20.10      3.46458e+86        4          0.13827              N/A      7.72s
   1    10.04      5.79708e+43       24         0.129432              N/A      1.95m
   2    11.50      1.07365e+41       32        0.0305659              N/A      2.38m
   3     6.94      2.50206e+39       32        0.0305659              N/A      2.45m
   4    13.90      1.79285e+40       31        0.0298466              N/A      2.42m
   5    22.31      9.25719e+42       32        0.0236113              N/A      2.41m
   6    29.24      3.88045e+43       26        0.0228975              N/A      3.10m
   7    19.62      1.44689e+44       24        0.0228818              N/A      3.76m
   8    15.60      3.52127e+42       27        0.0218209              N/A      3.00m
   9    22.44       9.0287e+46       37        0.0205968              N/A      2.69m
  10    23.95      9.23537e+39       37        0.0205968              N/A      2.57m
  11    22.52      1.07125e+41       36        0.0205396              N/A      2.38m
  12    18.14      4.96263e+49       36        0.0205396              N/A      1.94m
  13    12.86      4.50386e+56       24        0.0223383              N/A      1.57m
  14    12.90      1.19433e+40       14        0.0215275              N/A      1.21m
  15    12.62      5.57205e+39       14        0.0215275              N/A      1.09m
  16    11.95      3.62595e+39       14        0.0215275              N/A     46.01s
  17    10.43      3.22244e+39       14        0.0215275              N/A     26.92s
  18     9.85      8.85973e+43       12        0.0224096              N/A     13.26s
  19     9.88       1.7551e+40       10        0.0237107              N/A      0.00s
printing the best individuals for the last 5 generations:
sub(exp(sub(X0, X0)), exp(mul(add(X0, -0.991), neg(mul(0.109, X0)))))
sub(exp(sub(X0, X0)), exp(mul(add(X0, -0.991), neg(mul(0.109, X0)))))
sub(exp(sub(X0, X0)), exp(mul(add(X0, -0.991), neg(mul(0.109, X0)))))
sub(0.986, exp(mul(add(X0, -0.991), mul(add(X0, -0.154), -0.118))))
sub(0.986, exp(mul(add(X0, -0.991), mul(X0, -0.118))))
Age of extinction, kill all.. Start new generation..



        filename            y_def          scale_X         pop_size         gen_size        tour_size      tour_factor       pars_coeff
    113C_mod.csv            False             10.0             5000               20               50              100            0.005


    |   Population Average    |             Best Individual              |
---- ------------------------- ------------------------------------------ ----------
 Gen   Length          Fitness   Length          Fitness      OOB Fitness  Time Left
   0    20.10      3.46458e+86        4          0.13827              N/A     11.28s
   1     8.71        5.471e+43       24         0.129432              N/A      2.48m
   2     9.22      4.54158e+40       14        0.0881449              N/A      3.18m
   3     4.57      1.51563e+39       16        0.0686775              N/A      3.18m
   4     4.31      1.19064e+39       24        0.0622537              N/A      2.74m
   5     5.20      4.24121e+39       16        0.0686775              N/A      2.48m
   6    11.65      1.02853e+40       13        0.0295227              N/A      2.38m
   7    12.14       1.0962e+48       17        0.0279022              N/A      2.62m
   8    12.23      5.17855e+39       15        0.0229031              N/A      2.36m
   9    12.60      4.52609e+42       15        0.0229031              N/A      2.29m
  10    12.81      1.60595e+41       13        0.0263362              N/A      2.15m
  11    12.62      7.42597e+39       13        0.0246935              N/A      2.06m
  12    11.45      4.96263e+49       13        0.0246935              N/A      1.84m
  13    10.85      4.50386e+56       12        0.0243282              N/A      1.39m
  14    10.93      1.13952e+40       11        0.0228921              N/A      1.08m
  15    10.92      4.16809e+39       11        0.0228921              N/A      1.09m
  16    10.55        3.509e+39       12        0.0222794              N/A     43.98s
  17     9.88      2.15218e+39       10        0.0222794              N/A     26.03s
  18     9.85      8.85973e+43       10        0.0222794              N/A     13.08s
  19     9.88       1.8051e+40       10        0.0222794              N/A      0.00s
printing the best individuals for the last 5 generations:
sub(exp(0.007), exp(mul(add(X0, -0.991), mul(X0, -0.108))))
sub(neg(neg(0.986)), exp(mul(add(-0.934, X0), mul(X0, -0.108))))
sub(0.986, exp(mul(add(-0.934, X0), mul(X0, -0.108))))
sub(0.986, exp(mul(add(-0.934, X0), mul(X0, -0.108))))
sub(0.986, exp(mul(add(-0.934, X0), mul(X0, -0.108))))
Age of extinction, kill all.. Start new generation..



        filename            y_def          scale_X         pop_size         gen_size        tour_size      tour_factor       pars_coeff
    113C_mod.csv            False             10.0             5000               20               10              500            0.001


    |   Population Average    |             Best Individual              |
---- ------------------------- ------------------------------------------ ----------
 Gen   Length          Fitness   Length          Fitness      OOB Fitness  Time Left
   0    20.10      3.46458e+86        4          0.13827              N/A     10.13s
   1    12.00      1.44127e+49       25         0.066708              N/A      2.11m
   2     9.89      8.74515e+42       25         0.066708              N/A      3.03m
   3    12.40      1.93564e+61       14        0.0338577              N/A      3.01m
   4    15.36      4.93682e+42       23        0.0321945              N/A      3.61m
   5    15.86      3.82327e+40       42        0.0317713              N/A      3.22m
   6    16.90        4.154e+59       50        0.0196515              N/A      3.21m
   7    21.71      2.58855e+43       37        0.0127497              N/A      3.16m
   8    27.00      2.51398e+39       35        0.0109954              N/A      3.35m
   9    28.30      6.92849e+39       35        0.0109954              N/A      3.09m
  10    27.81      3.85279e+39       40        0.0105486              N/A      2.93m
  11    26.47       3.0845e+39       40        0.0105486              N/A      2.64m
  12    24.32      3.28535e+39       45        0.0100473              N/A      2.45m
  13    21.67      3.86794e+39       45        0.0112853              N/A      2.07m
  14    19.47      7.02182e+38       34        0.0105818              N/A      1.60m
  15    17.27      5.32013e+38       32       0.00856742              N/A      1.23m
printing the best individuals for the last 5 generations:
exp(mul(exp(add(0.277, sub(add(exp(-0.443), sub(-0.253, X0)), mul(mul(-0.669, 0.082), mul(add(-0.151, X0), mul(-0.769, -0.690)))))), sub(neg(exp(add(sub(exp(0.484), neg(0.002)), mul(add(-0.952, X0), -0.901)))), add(X0, X0))))
exp(mul(exp(add(0.277, sub(add(exp(-0.443), sub(-0.253, X0)), mul(mul(-0.669, 0.082), mul(add(-0.151, X0), add(sub(0.818, 0.563), mul(0.144, exp(0.484)))))))), sub(neg(exp(add(sub(exp(0.484), neg(0.002)), mul(add(-0.952, X0), -0.901)))), add(X0, X0))))
exp(mul(exp(add(0.277, sub(add(add(0.012, 0.631), sub(-0.253, X0)), mul(mul(-0.669, -0.405), mul(exp(mul(-0.460, X0)), sub(neg(exp(add(sub(sub(exp(0.484), neg(0.917)), neg(0.002)), mul(X0, -0.901)))), neg(0.142))))))), sub(neg(0.917), add(X0, X0))))
exp(mul(exp(add(0.277, sub(add(exp(-0.443), sub(-0.253, X0)), mul(mul(-0.669, 0.082), 0.917)))), sub(neg(exp(add(add(exp(0.484), neg(0.002)), mul(add(-0.952, X0), -0.901)))), add(X0, X0))))
exp(mul(exp(mul(add(-0.952, X0), -0.901)), sub(neg(0.917), add(neg(neg(exp(add(0.277, sub(add(exp(add(add(0.229, 0.278), 0.319)), sub(-0.253, X0)), mul(-0.669, 0.082)))))), X0))))
Age of extinction, kill all.. Start new generation..



        filename            y_def          scale_X         pop_size         gen_size        tour_size      tour_factor       pars_coeff
    113C_mod.csv            False             10.0             5000               20               10              500            0.005


    |   Population Average    |             Best Individual              |
---- ------------------------- ------------------------------------------ ----------
 Gen   Length          Fitness   Length          Fitness      OOB Fitness  Time Left
   0    20.10      3.46458e+86        4          0.13827              N/A      9.93s
   1    10.79      1.44127e+49       25         0.066708              N/A      2.28m
   2     8.15      6.67364e+42       25         0.066708              N/A      2.70m
   3     8.91      2.07875e+41       25         0.066708              N/A      2.86m
   4    10.11      8.38763e+41       12        0.0435123              N/A      3.08m
   5     8.61       1.5161e+40       17        0.0247213              N/A      2.83m
   6     5.85      1.52279e+61       17        0.0247213              N/A      2.54m
   7     4.59      1.87034e+40       11        0.0218156              N/A      2.05m
   8     5.16      3.54318e+42       14        0.0227888              N/A      1.83m
   9     6.49      2.19962e+39       14        0.0227888              N/A      1.51m
  10     8.40      2.28677e+39       18        0.0195019              N/A      1.53m
  11    10.35      3.82769e+39       17        0.0194378              N/A      1.52m
  12    11.63      2.15258e+42       15        0.0195124              N/A      1.29m
  13    12.40      1.38927e+39       15        0.0177194              N/A      1.24m
  14    12.75      2.10226e+39       15        0.0177194              N/A      1.07m
  15    12.66        7.601e+38       15        0.0177194              N/A     53.36s
  16    12.58      1.07132e+39       15        0.0177194              N/A     38.58s
  17    12.02      1.14557e+39       14        0.0170925              N/A     25.36s
  18    11.64      1.44345e+39       15        0.0177194              N/A     12.54s
  19    11.30       1.5512e+39       12        0.0172622              N/A      0.00s
printing the best individuals for the last 5 generations:
exp(neg(exp(add(sub(exp(0.731), neg(mul(X0, 0.123))), mul(X0, neg(0.917))))))
exp(neg(exp(add(sub(exp(0.731), neg(mul(X0, 0.123))), mul(X0, neg(0.917))))))
exp(neg(exp(add(sub(exp(0.731), mul(X0, -0.118)), mul(X0, neg(0.917))))))
exp(neg(exp(add(sub(exp(0.731), neg(mul(X0, 0.123))), mul(X0, neg(0.917))))))
exp(neg(exp(add(sub(exp(0.296), neg(0.917)), mul(X0, -0.867)))))
Age of extinction, kill all.. Start new generation..

