
119C_mod.csv



        filename            y_def          scale_X         pop_size         gen_size        tour_size      tour_factor       pars_coeff
    119C_mod.csv             True             10.0             2000               20               20              100            0.001


    |   Population Average    |             Best Individual              |
---- ------------------------- ------------------------------------------ ----------
 Gen   Length          Fitness   Length          Fitness      OOB Fitness  Time Left
   0    19.42      2.53961e+77       29        0.0436424              N/A     18.34s
   1    10.72      6.21493e+39       27        0.0665867              N/A      1.02m
   2    11.61      4.88202e+39       36        0.0399301              N/A      1.20m
   3    15.93      1.34177e+40       27          0.02919              N/A      1.40m
   4    21.29      1.56359e+40       25        0.0287382              N/A      1.19m
   5    20.90      2.19648e+40       32         0.026682              N/A      1.24m
   6    17.15      2.55703e+40       33        0.0267373              N/A      1.10m
   7    14.76      1.52538e+40       23        0.0280683              N/A      1.02m
   8    12.69       1.5054e+40       24        0.0281141              N/A     52.25s
   9    11.65      1.52795e+40       19        0.0288623              N/A     47.07s
  10    11.13      2.35457e+40       10        0.0341042              N/A     42.45s
  11    10.60      1.00818e+40       10        0.0341042              N/A     35.50s
  12    10.26      9.61963e+39       11        0.0340688              N/A     30.90s
  13     9.67      1.11464e+40       11        0.0340688              N/A     28.54s
  14     9.12      7.45878e+39       11        0.0340688              N/A     22.16s
  15     9.24      9.27221e+39       10        0.0341042              N/A     16.76s
  16     9.74      1.09002e+40       10        0.0341042              N/A     11.92s
  17     9.29      1.86667e+40       10        0.0341042              N/A      8.87s
  18     8.59      2.32119e+40       10        0.0341042              N/A      4.31s
  19     8.01      2.46643e+39       10        0.0341042              N/A      0.00s
printing the best individuals for the last 5 generations:
exp(mul(mul(mul(X0, -0.225), mul(X0, 0.282)), X0))
exp(mul(mul(mul(X0, -0.225), mul(X0, 0.282)), X0))
exp(mul(mul(mul(X0, -0.225), mul(X0, 0.282)), X0))
exp(mul(mul(mul(X0, -0.225), mul(X0, 0.282)), X0))
exp(mul(mul(mul(X0, -0.225), mul(X0, 0.282)), X0))
Age of extinction, kill all.. Start new generation..



        filename            y_def          scale_X         pop_size         gen_size        tour_size      tour_factor       pars_coeff
    119C_mod.csv             True             10.0             2000               20               20              100            0.005


    |   Population Average    |             Best Individual              |
---- ------------------------- ------------------------------------------ ----------
 Gen   Length          Fitness   Length          Fitness      OOB Fitness  Time Left
   0    19.42      2.53961e+77       29        0.0436424              N/A      3.62s
   1     9.55      4.55162e+39       27        0.0665867              N/A     44.25s
   2     8.25      6.77369e+39       24        0.0489615              N/A     56.02s
   3     6.72       5.2113e+39       13        0.0355369              N/A      1.00m
   4     7.13      6.55358e+39       10        0.0340443              N/A     56.03s
   5     8.80      1.67944e+40       10        0.0340443              N/A     49.31s
   6    10.08      1.73181e+40       10        0.0340443              N/A     55.40s
   7     9.75      1.39443e+40       10        0.0340443              N/A     46.68s
   8     9.58      1.63676e+40       10        0.0340443              N/A     44.97s
   9     9.80      1.16567e+40       10        0.0340443              N/A     42.05s
  10     9.81      1.56535e+40       10        0.0340443              N/A     39.92s
  11     9.65      1.41019e+40       10        0.0340443              N/A     33.97s
  12     9.75      1.10291e+40       10        0.0340443              N/A     31.75s
  13     9.77      1.36596e+40       10        0.0340443              N/A     25.03s
  14     9.85      8.97704e+39       10        0.0340443              N/A     21.14s
  15     9.17      1.19128e+40       10        0.0340443              N/A     16.67s
  16     7.52      5.18378e+39       10        0.0340443              N/A     12.49s
  17     5.98      3.13997e+39       10        0.0340443              N/A      8.16s
  18     5.99       4.6494e+39       15        0.0520347              N/A      3.81s
  19     6.09      4.05951e+39        9        0.0481688              N/A      0.00s
printing the best individuals for the last 5 generations:
exp(mul(mul(mul(X0, -0.225), mul(0.284, X0)), X0))
exp(mul(mul(mul(X0, -0.225), mul(0.284, X0)), X0))
exp(mul(mul(mul(X0, -0.225), mul(0.284, X0)), X0))
exp(mul(sub(mul(mul(0.821, -0.175), mul(X0, 0.936)), neg(sub(X0, X0))), X0))
exp(mul(mul(neg(sub(0.149, X0)), -0.143), X0))
Age of extinction, kill all.. Start new generation..



        filename            y_def          scale_X         pop_size         gen_size        tour_size      tour_factor       pars_coeff
    119C_mod.csv             True             10.0             2000               20                4              500            0.001


    |   Population Average    |             Best Individual              |
---- ------------------------- ------------------------------------------ ----------
 Gen   Length          Fitness   Length          Fitness      OOB Fitness  Time Left
   0    19.42      2.53961e+77       29        0.0436424              N/A      3.39s
   1    12.92       1.3133e+48        7        0.0500978              N/A     49.61s
   2    11.78      6.30159e+39        7        0.0500978              N/A     59.88s
   3    12.21      3.21358e+39       50        0.0427335              N/A      1.08m
   4    13.60      2.35679e+39       50        0.0427335              N/A      1.16m
   5    14.88      1.19993e+40       45        0.0438715              N/A      1.23m
   6    17.02      4.82894e+39       55        0.0295501              N/A      1.08m
   7    20.58      5.15124e+39       55        0.0295501              N/A      1.17m
   8    23.32      8.84467e+39       51         0.030607              N/A      1.19m
   9    25.14      1.20278e+40       47        0.0343259              N/A      1.09m
  10    27.44      1.24763e+40       45        0.0270187              N/A      1.05m
  11    31.79      1.64374e+40       45        0.0270187              N/A      1.06m
  12    35.38      1.16654e+40       46        0.0274075              N/A     56.05s
  13    36.40      1.76774e+40       70        0.0309421              N/A     54.94s
  14    35.07      1.15514e+40       53        0.0269305              N/A     46.72s
  15    35.39       8.6556e+39       37        0.0271083              N/A     37.36s
  16    34.97       1.0169e+40       87        0.0267234              N/A     29.35s
  17    34.05      1.51554e+40       33        0.0265972              N/A     18.75s
  18    34.05      1.31097e+40       37        0.0271543              N/A      9.16s
  19    32.59       1.1519e+40      118        0.0274939              N/A      0.00s
printing the best individuals for the last 5 generations:
exp(mul(mul(sub(neg(sub(sub(X0, X0), sub(mul(0.957, -0.003), add(0.068, 0.172)))), mul(sub(-0.436, -0.837), mul(X0, -0.847))), sub(mul(exp(mul(X0, mul(X0, -0.362))), 0.742), exp(sub(-0.537, -0.300)))), X0))
exp(mul(mul(mul(sub(neg(sub(sub(X0, X0), sub(mul(exp(neg(mul(mul(0.388, -0.213), mul(-0.167, X0)))), mul(mul(0.388, -0.213), neg(mul(sub(neg(X0), mul(sub(neg(mul(neg(X0), mul(add(-0.436, X0), sub(mul(exp(mul(X0, mul(X0, -0.362))), 0.742), exp(sub(-0.537, -0.300)))))), mul(add(-0.019, X0), mul(X0, -0.847))), X0)), -0.062)))), add(0.068, 0.172)))), mul(sub(-0.436, -0.837), mul(X0, -0.847))), sub(mul(exp(mul(X0, mul(X0, -0.362))), 0.742), exp(sub(-0.537, -0.300)))), X0), 0.915))
exp(mul(mul(sub(neg(sub(sub(X0, X0), mul(X0, -0.118))), mul(sub(-0.436, -0.837), mul(X0, -0.847))), sub(mul(exp(mul(X0, mul(X0, -0.362))), 0.742), exp(sub(-0.537, -0.300)))), X0))
exp(mul(mul(sub(neg(sub(sub(X0, X0), sub(sub(X0, X0), add(0.068, 0.172)))), mul(sub(-0.436, -0.837), mul(X0, -0.847))), sub(mul(exp(mul(X0, mul(X0, -0.362))), 0.742), exp(sub(-0.537, -0.300)))), X0))
exp(mul(mul(mul(sub(neg(sub(sub(X0, X0), sub(mul(exp(neg(mul(mul(0.388, -0.213), mul(-0.167, X0)))), mul(mul(0.388, -0.213), neg(mul(mul(neg(X0), sub(mul(X0, 0.007), sub(neg(sub(mul(mul(neg(X0), sub(mul(X0, 0.007), sub(mul(neg(sub(mul(sub(neg(-0.138), sub(X0, 0.642)), mul(mul(X0, 0.176), add(X0, -0.892))), neg(X0))), mul(mul(exp(X0), -0.213), sub(X0, X0))), add(0.068, 0.172)))), mul(mul(0.388, -0.213), X0)), mul(neg(sub(neg(X0), add(0.068, 0.172))), -0.511))), neg(0.066)))), -0.062)))), add(0.068, 0.172)))), mul(sub(-0.436, -0.837), mul(X0, -0.847))), sub(mul(exp(mul(X0, mul(X0, -0.362))), 0.742), exp(sub(-0.537, -0.300)))), X0), 0.915))
Age of extinction, kill all.. Start new generation..



        filename            y_def          scale_X         pop_size         gen_size        tour_size      tour_factor       pars_coeff
    119C_mod.csv             True             10.0             2000               20                4              500            0.005


    |   Population Average    |             Best Individual              |
---- ------------------------- ------------------------------------------ ----------
 Gen   Length          Fitness   Length          Fitness      OOB Fitness  Time Left
   0    19.42      2.53961e+77       29        0.0436424              N/A      4.44s
   1    12.81       1.3133e+48        7        0.0500978              N/A     46.10s
   2    11.07      6.10464e+39        7        0.0500978              N/A     55.93s
   3     9.79       2.1311e+39       58         0.088689              N/A      1.05m
   4     9.40      2.12318e+39       43        0.0754347              N/A      1.12m
   5     8.80      5.46151e+39       29        0.0507943              N/A      1.11m
   6     8.72       4.9892e+39       15        0.0431165              N/A     59.69s
   7     8.70      2.99438e+39       16        0.0343962              N/A     54.35s
   8     9.38       2.6744e+39       20        0.0355265              N/A     49.36s
   9     9.68      2.09522e+39       17        0.0344486              N/A     46.88s
  10     9.65      3.07309e+39       18         0.037555              N/A     42.36s
  11     9.57      7.41414e+39       11        0.0383795              N/A     40.66s
  12     9.44       7.7289e+39       11        0.0383795              N/A     33.50s
  13     9.23      3.89747e+39       21        0.0352433              N/A     29.50s
  14     8.86      1.57837e+40       26        0.0344106              N/A     24.98s
  15     8.92      7.14139e+39       26        0.0318896              N/A     21.47s
  16     8.82       9.2545e+39       31        0.0383186              N/A     14.88s
  17     8.69      5.32561e+39       14        0.0340477              N/A      9.50s
  18     8.65      5.48171e+39       14        0.0340477              N/A      4.42s
  19     8.38      6.77369e+39       13         0.034377              N/A      0.00s
printing the best individuals for the last 5 generations:
exp(mul(neg(mul(add(sub(neg(mul(add(X0, X0), mul(-0.216, 0.550))), 0.894), X0), add(X0, -0.216))), exp(neg(exp(exp(mul(X0, -0.329)))))))
exp(mul(mul(X0, exp(sub(mul(mul(-0.411, X0), mul(mul(-0.205, X0), sub(X0, X0))), mul(neg(X0), neg(0.244))))), mul(add(mul(X0, -0.770), X0), sub(0.937, X0))))
exp(mul(mul(mul(X0, -0.113), X0), mul(exp(mul(exp(0.528), -0.329)), X0)))
exp(mul(mul(mul(X0, -0.113), X0), mul(exp(mul(exp(0.528), -0.329)), X0)))
exp(mul(mul(mul(X0, -0.113), X0), mul(exp(mul(-0.243, X0)), X0)))
Age of extinction, kill all.. Start new generation..



        filename            y_def          scale_X         pop_size         gen_size        tour_size      tour_factor       pars_coeff
    119C_mod.csv             True             10.0             5000               20               50              100            0.001


    |   Population Average    |             Best Individual              |
---- ------------------------- ------------------------------------------ ----------
 Gen   Length          Fitness   Length          Fitness      OOB Fitness  Time Left
   0    20.10      4.55681e+78       29        0.0436424              N/A      7.70s
   1     9.58      4.73759e+39       14        0.0366671              N/A      2.05m
   2    12.76      1.05283e+40       33        0.0277575              N/A      2.67m
   3    17.52      1.45494e+40       30        0.0275589              N/A      2.62m
   4    14.16      2.01787e+40       33        0.0273265              N/A      2.79m
   5    10.68      9.53399e+39       23         0.033539              N/A      2.65m
   6     8.96      7.50704e+39       10        0.0340399              N/A      2.21m
   7     7.98      8.24171e+41        8        0.0345047              N/A      2.02m
   8     8.03      7.66559e+39        8        0.0345047              N/A      1.89m
   9     8.01      4.67862e+39        8        0.0342751              N/A      1.88m
  10     7.92      2.33328e+39       13        0.0341953              N/A      1.57m
  11     7.92      2.73532e+39        8        0.0342751              N/A      1.32m
  12     7.99      5.24332e+48        8        0.0342524              N/A      1.23m
  13     7.99      2.95981e+51        8        0.0342524              N/A     57.03s
  14     7.97      2.76319e+39        8        0.0342524              N/A     51.73s
  15     7.95       1.5705e+39        8        0.0342524              N/A     40.50s
  16     8.06      2.19189e+39        8        0.0342524              N/A     28.31s
  17     7.89       2.3167e+39       10        0.0336134              N/A     21.71s
  18     7.99      2.18061e+46        8        0.0342524              N/A     10.94s
  19     7.99       4.1885e+39        8        0.0342524              N/A      0.00s
printing the best individuals for the last 5 generations:
exp(mul(mul(-0.205, X0), sub(X0, 0.675)))
exp(mul(mul(-0.205, X0), sub(X0, 0.675)))
exp(mul(mul(-0.205, add(-0.040, X0)), sub(X0, 0.675)))
exp(mul(mul(-0.205, X0), sub(X0, 0.675)))
exp(mul(mul(-0.205, X0), sub(X0, 0.675)))
Age of extinction, kill all.. Start new generation..



        filename            y_def          scale_X         pop_size         gen_size        tour_size      tour_factor       pars_coeff
    119C_mod.csv             True             10.0             5000               20               50              100            0.005


    |   Population Average    |             Best Individual              |
---- ------------------------- ------------------------------------------ ----------
 Gen   Length          Fitness   Length          Fitness      OOB Fitness  Time Left
   0    20.10      4.55681e+78       29        0.0436424              N/A      9.27s
   1     8.09      2.93655e+39       14        0.0366671              N/A      2.06m
   2     6.44      5.01002e+39       31         0.029924              N/A      2.33m
   3     7.81      8.84371e+39       11        0.0350289              N/A      2.35m
   4     8.84      5.08177e+39       14        0.0332022              N/A      2.26m
   5     9.53       6.5076e+39        8        0.0343119              N/A      2.27m
   6     8.07      4.14445e+39        8        0.0343119              N/A      2.26m
   7     7.98      8.22961e+41       10        0.0336586              N/A      1.91m
   8     8.03      2.46706e+39       10        0.0333955              N/A      1.87m
   9     8.01      3.31435e+39        8        0.0342751              N/A      1.61m
  10     7.92      3.58675e+39       13        0.0341953              N/A      1.51m
  11     7.92      2.80104e+39        8        0.0342751              N/A      1.34m
  12     7.99      5.24332e+48        8        0.0342524              N/A      1.23m
  13     7.99      2.95981e+51        8        0.0342524              N/A     58.45s
  14     7.97      2.76319e+39        8        0.0342524              N/A     51.60s
  15     7.95       1.5705e+39        8        0.0342524              N/A     41.19s
  16     8.06      2.19189e+39        8        0.0342524              N/A     28.87s
  17     7.89       2.3167e+39       10        0.0336134              N/A     22.13s
  18     7.99      2.18061e+46        8        0.0342524              N/A     10.78s
  19     7.99       4.1885e+39        8        0.0342524              N/A      0.00s
printing the best individuals for the last 5 generations:
exp(mul(mul(-0.205, X0), sub(X0, 0.675)))
exp(mul(mul(-0.205, X0), sub(X0, 0.675)))
exp(mul(mul(-0.205, add(-0.040, X0)), sub(X0, 0.675)))
exp(mul(mul(-0.205, X0), sub(X0, 0.675)))
exp(mul(mul(-0.205, X0), sub(X0, 0.675)))
Age of extinction, kill all.. Start new generation..



        filename            y_def          scale_X         pop_size         gen_size        tour_size      tour_factor       pars_coeff
    119C_mod.csv             True             10.0             5000               20               10              500            0.001


    |   Population Average    |             Best Individual              |
---- ------------------------- ------------------------------------------ ----------
 Gen   Length          Fitness   Length          Fitness      OOB Fitness  Time Left
   0    20.10      4.55681e+78       29        0.0436424              N/A      9.57s
   1    11.55      4.28953e+40       29        0.0436424              N/A      1.93m
   2    10.84      6.73959e+39       19        0.0362761              N/A      2.71m
   3    13.00      6.98137e+39       25        0.0310594              N/A      3.33m
   4    15.14      8.61677e+39       33        0.0306003              N/A      3.64m
   5    19.02      1.54008e+40       35        0.0299978              N/A      3.73m
   6    22.07      1.86154e+40       40        0.0297339              N/A      3.65m
   7    21.18      1.20864e+40       25        0.0296291              N/A      3.56m
   8    19.91      1.51639e+40       31        0.0279953              N/A      3.25m
   9    18.18      1.68006e+40       31        0.0279953              N/A      2.97m
  10    16.91      1.63249e+40       23         0.029225              N/A      2.56m
  11    15.92      1.59583e+40       23         0.029225              N/A      2.27m
  12    15.14      1.73059e+40       27        0.0286714              N/A      1.93m
  13    14.55      1.91883e+40       23         0.029225              N/A      1.67m
  14    13.92      1.86009e+40       29         0.027547              N/A      1.45m
  15    13.08      1.82974e+40       19        0.0293766              N/A      1.17m
  16    12.43      2.01869e+40       19        0.0297373              N/A     50.39s
  17    11.86      2.59026e+40       12        0.0294655              N/A     31.70s
  18    11.66      2.41772e+40       12        0.0294655              N/A     15.34s
  19    11.66      2.39398e+40       12        0.0294655              N/A      0.00s
printing the best individuals for the last 5 generations:
exp(add(neg(sub(X0, X0)), mul(sub(0.905, exp(mul(add(X0, 0.088), mul(X0, -0.113)))), neg(X0))))
exp(add(neg(sub(X0, X0)), mul(sub(0.905, exp(mul(add(-0.019, X0), mul(X0, -0.113)))), neg(X0))))
exp(mul(sub(0.905, exp(mul(X0, mul(X0, -0.113)))), neg(X0)))
exp(mul(sub(0.905, exp(mul(X0, mul(X0, -0.113)))), neg(X0)))
exp(mul(sub(0.905, exp(mul(X0, mul(X0, -0.113)))), neg(X0)))
Age of extinction, kill all.. Start new generation..



        filename            y_def          scale_X         pop_size         gen_size        tour_size      tour_factor       pars_coeff
    119C_mod.csv             True             10.0             5000               20               10              500            0.005


    |   Population Average    |             Best Individual              |
---- ------------------------- ------------------------------------------ ----------
 Gen   Length          Fitness   Length          Fitness      OOB Fitness  Time Left
   0    20.10      4.55681e+78       29        0.0436424              N/A     11.26s
   1    10.91       1.9119e+41       29        0.0436424              N/A      2.43m
   2     8.20      3.87734e+39       19        0.0362761              N/A      3.11m
   3     8.22      5.16788e+39       19        0.0362761              N/A      3.01m
   4     8.14      5.10159e+39       19        0.0362761              N/A      3.10m
   5     7.70      8.69591e+39       22        0.0362301              N/A      3.09m
   6     7.58      5.09084e+39       22        0.0361488              N/A      2.73m
   7     8.02      7.04543e+39       12        0.0340579              N/A      2.68m
   8     8.43      7.72068e+39       14        0.0290642              N/A      2.43m
   9     8.59      8.00482e+39       16        0.0301795              N/A      2.28m
  10     8.67      9.12651e+39       14        0.0316908              N/A      1.87m
  11     8.68      9.55225e+39       15        0.0313447              N/A      1.81m
  12     8.76      1.15265e+40       14        0.0327288              N/A      1.66m
  13     9.09      1.41455e+40       14        0.0327288              N/A      1.37m
  14     9.40      1.93284e+40       14        0.0327288              N/A      1.00m
  15     9.42      1.79115e+40       12        0.0342167              N/A     49.42s
  16     9.17      2.17915e+40       12        0.0343074              N/A     35.50s
  17     8.50      1.44086e+40       10        0.0342648              N/A     24.52s
  18     8.14      7.29942e+39       10        0.0345989              N/A     12.66s
  19     8.01      1.65035e+39       10        0.0345989              N/A      0.00s
printing the best individuals for the last 5 generations:
exp(mul(mul(mul(-0.205, X0), add(X0, 0.088)), mul(X0, 0.298)))
exp(mul(mul(mul(X0, -0.302), mul(0.455, X0)), mul(0.455, X0)))
exp(mul(neg(mul(X0, -0.205)), neg(add(-0.704, X0))))
exp(mul(mul(mul(X0, -0.225), X0), mul(X0, 0.298)))
exp(mul(mul(mul(X0, -0.225), X0), mul(X0, 0.298)))
Age of extinction, kill all.. Start new generation..



        filename            y_def          scale_X         pop_size         gen_size        tour_size      tour_factor       pars_coeff
    119C_mod.csv            False             10.0             2000               20               20              100            0.001


    |   Population Average    |             Best Individual              |
---- ------------------------- ------------------------------------------ ----------
 Gen   Length          Fitness   Length          Fitness      OOB Fitness  Time Left
   0    19.42      2.53961e+77        6          0.15122              N/A      4.80s
   1    10.96      2.13553e+39       13         0.116339              N/A     53.12s
   2    11.13      7.99462e+39       15         0.116302              N/A      1.12m
   3     9.96       2.1601e+39       15         0.116302              N/A      1.25m
   4     8.01      2.22051e+36       15         0.106836              N/A      1.14m
   5     9.30      2.40972e+45       15         0.106836              N/A      1.14m
   6    13.24      1.36281e+38       11        0.0636151              N/A      1.05m
   7    14.76       3.4117e+38       24        0.0448583              N/A      1.01m
   8    16.43      1.26762e+39       26        0.0217396              N/A      1.18m
   9    20.05      1.80519e+39       23        0.0210033              N/A      1.05m
  10    21.01      9.78552e+38       24        0.0180958              N/A     58.94s
  11    20.25      1.56436e+39       24        0.0180958              N/A     48.92s
  12    20.40      2.41977e+39       46        0.0180432              N/A     47.66s
  13    20.75      6.04179e+39       20        0.0150444              N/A     42.56s
  14    21.54      1.42623e+40       20        0.0150444              N/A     36.92s
  15    20.89      1.85201e+40       34        0.0148732              N/A     25.96s
  16    19.88      2.62339e+40       20        0.0150444              N/A     21.70s
  17    19.11      2.90597e+40       20        0.0148646              N/A     14.05s
  18    19.41      3.85703e+40       36        0.0140075              N/A      7.02s
  19    19.54      2.23769e+40       20        0.0138206              N/A      0.00s
printing the best individuals for the last 5 generations:
exp(mul(exp(sub(0.611, X0)), sub(mul(exp(mul(mul(-0.460, X0), X0)), sub(exp(sub(mul(exp(neg(X0)), sub(neg(exp(0.064)), exp(exp(0.731)))), exp(0.731))), exp(exp(0.731)))), X0)))
exp(mul(exp(sub(0.611, X0)), sub(mul(exp(mul(mul(-0.460, X0), X0)), sub(0.064, exp(exp(0.731)))), X0)))
exp(mul(exp(sub(0.611, X0)), sub(mul(exp(mul(mul(-0.460, X0), X0)), sub(0.017, exp(exp(0.731)))), X0)))
exp(mul(exp(sub(0.611, X0)), sub(mul(exp(mul(mul(-0.460, X0), X0)), sub(mul(exp(sub(0.611, X0)), sub(mul(exp(neg(X0)), sub(neg(X0), exp(0.731))), exp(0.731))), exp(exp(0.731)))), X0)))
exp(mul(exp(sub(0.611, X0)), sub(mul(exp(mul(mul(-0.460, X0), X0)), sub(-0.408, exp(exp(0.731)))), X0)))
Age of extinction, kill all.. Start new generation..



        filename            y_def          scale_X         pop_size         gen_size        tour_size      tour_factor       pars_coeff
    119C_mod.csv            False             10.0             2000               20               20              100            0.005


    |   Population Average    |             Best Individual              |
---- ------------------------- ------------------------------------------ ----------
 Gen   Length          Fitness   Length          Fitness      OOB Fitness  Time Left
   0    19.42      2.53961e+77        6          0.15122              N/A      5.11s
   1     9.42      1.97233e+39       13         0.116339              N/A     50.67s
   2     8.48      5.08851e+39       15         0.116302              N/A      1.03m
   3     7.39      1.13219e+40       15          0.11389              N/A      1.20m
   4     5.31      2.43696e+36       15         0.106836              N/A      1.00m
   5     4.27      2.40972e+45        6          0.15122              N/A     55.54s
   6     4.23       6.5801e+35        4         0.151313              N/A     47.58s
   7     4.21      9.00869e+36        4         0.150666              N/A     45.60s
   8     4.27      3.42848e+39        4         0.150666              N/A     38.83s
   9     4.25      6.70099e+43        4         0.150666              N/A     39.76s
  10     4.26      1.85135e+38        4         0.150666              N/A     35.46s
  11     4.13      3.53398e+36        4         0.150666              N/A     28.62s
  12     4.26      4.99891e+37        4         0.150666              N/A     28.77s
  13     4.21      5.57408e+39        4         0.150666              N/A     26.49s
  14     4.29      5.66218e+36        4         0.150666              N/A     19.93s
  15     3.83      2.65392e+36        4         0.150666              N/A     14.94s
  16     3.29       5.2688e+37        4         0.150666              N/A     10.53s
  17     3.20      4.73281e+38        3          0.15558              N/A      7.32s
  18     3.21      1.21291e+37        3          0.15558              N/A      3.61s
  19     3.31       8.2777e+34        6         0.154568              N/A      0.00s
printing the best individuals for the last 5 generations:
mul(neg(-0.155), X0)
mul(neg(-0.155), X0)
mul(0.167, X0)
mul(0.167, X0)
mul(0.167, neg(sub(0.149, X0)))
Age of extinction, kill all.. Start new generation..



        filename            y_def          scale_X         pop_size         gen_size        tour_size      tour_factor       pars_coeff
    119C_mod.csv            False             10.0             2000               20                4              500            0.001


    |   Population Average    |             Best Individual              |
---- ------------------------- ------------------------------------------ ----------
 Gen   Length          Fitness   Length          Fitness      OOB Fitness  Time Left
   0    19.42      2.53961e+77        6          0.15122              N/A      4.89s
   1    12.87       1.3133e+48       12        0.0402807              N/A     51.93s
   2    11.36      1.01741e+39       15         0.158924              N/A      1.06m
   3    10.58      2.31265e+66        6         0.151066              N/A      1.25m
   4     9.86      1.81068e+39       16         0.113038              N/A      1.22m
   5     9.88      1.63815e+39       19        0.0775866              N/A      1.09m
   6    10.70       2.5821e+39       18         0.118871              N/A      1.13m
   7    11.26      4.07425e+40       19        0.0991247              N/A      1.21m
   8    12.69      4.94999e+39       19        0.0991247              N/A      1.02m
   9    14.58      1.22053e+75       16         0.109585              N/A     55.21s
  10    16.52      1.68158e+39       16         0.109585              N/A      1.04m
  11    17.19       4.7862e+39       21        0.0730661              N/A     56.22s
  12    18.02      2.17364e+38       15        0.0570529              N/A     43.61s
  13    17.49      7.10321e+38       15        0.0570529              N/A     39.67s
  14    16.08      1.53986e+40       20        0.0598978              N/A     34.14s
  15    15.69      5.59964e+38       21         0.072542              N/A     27.29s
  16    15.57      6.35474e+38       16         0.114801              N/A     17.25s
  17    14.98      3.76894e+38       16         0.114801              N/A     11.37s
  18    14.96      8.14027e+39       23         0.130942              N/A      5.61s
  19    13.84      8.31251e+38       29         0.131395              N/A      0.00s
printing the best individuals for the last 5 generations:
exp(neg(mul(add(exp(X0), add(add(X0, X0), exp(mul(-0.148, 0.537)))), exp(sub(neg(X0), sub(X0, 0.997))))))
exp(neg(mul(add(exp(X0), exp(exp(-0.354))), exp(sub(neg(X0), sub(X0, 0.997))))))
exp(neg(mul(add(exp(X0), exp(exp(-0.354))), exp(sub(neg(X0), sub(X0, 0.997))))))
mul(neg(mul(-0.148, 0.537)), add(add(X0, X0), exp(sub(neg(sub(-0.363, mul(-0.148, 0.537))), exp(mul(exp(exp(X0)), 0.537))))))
mul(-0.155, sub(mul(neg(mul(-0.148, 0.537)), add(sub(neg(mul(neg(0.582), mul(0.046, mul(exp(X0), 0.132)))), add(X0, X0)), sub(X0, mul(X0, 0.123)))), X0))
Age of extinction, kill all.. Start new generation..



        filename            y_def          scale_X         pop_size         gen_size        tour_size      tour_factor       pars_coeff
    119C_mod.csv            False             10.0             2000               20                4              500            0.005


    |   Population Average    |             Best Individual              |
---- ------------------------- ------------------------------------------ ----------
 Gen   Length          Fitness   Length          Fitness      OOB Fitness  Time Left
   0    19.42      2.53961e+77        6          0.15122              N/A      3.47s
   1    12.66       1.3133e+48       12        0.0402807              N/A     47.20s
   2    10.44      1.06372e+39       15         0.158924              N/A      1.01m
   3     8.79      2.31265e+66        6         0.151066              N/A     58.64s
   4     7.71      2.35166e+39       16         0.113038              N/A      1.06m
   5     6.97      7.23585e+38        8         0.115022              N/A     55.26s
   6     7.00      8.87359e+38       17         0.118942              N/A     50.70s
   7     7.30      2.36421e+39       18        0.0991247              N/A     48.66s
   8     7.89      4.96848e+38       18        0.0991247              N/A     44.20s
   9     8.02      7.64466e+38       14         0.124266              N/A     41.72s
  10     7.68      1.50114e+39       18         0.113389              N/A     37.24s
  11     6.61      5.91456e+38       17         0.124266              N/A     32.65s
  12     5.27      2.15033e+38       30         0.141074              N/A     27.50s
  13     3.93      4.46473e+37        9         0.150663              N/A     21.03s
  14     3.42      8.64241e+39       29         0.151343              N/A     17.26s
  15     3.54      2.18607e+38       10          0.15167              N/A     12.99s
  16     3.55      2.12722e+38        7         0.151521              N/A      9.52s
  17     3.65      4.08126e+37       10          0.15167              N/A      6.33s
  18     3.79      7.55973e+39        4           0.1514              N/A      3.15s
  19     3.80      2.43844e+37        4           0.1514              N/A      0.00s
printing the best individuals for the last 5 generations:
neg(mul(add(mul(X0, 0.129), add(X0, 0.064)), -0.141))
mul(X0, sub(neg(-0.308), neg(-0.159)))
neg(mul(add(mul(X0, 0.129), add(X0, 0.064)), -0.141))
neg(mul(-0.149, X0))
neg(mul(-0.149, X0))
Age of extinction, kill all.. Start new generation..



        filename            y_def          scale_X         pop_size         gen_size        tour_size      tour_factor       pars_coeff
    119C_mod.csv            False             10.0             5000               20               50              100            0.001


    |   Population Average    |             Best Individual              |
---- ------------------------- ------------------------------------------ ----------
 Gen   Length          Fitness   Length          Fitness      OOB Fitness  Time Left
   0    20.10      4.55681e+78       19         0.150829              N/A      8.06s
   1    10.48      2.64291e+42       30        0.0666712              N/A      1.71m
   2    11.29       4.3193e+39       30        0.0666712              N/A      2.20m
   3    11.27      2.81591e+39       22        0.0441423              N/A      2.30m
   4    22.32      2.39446e+39       18         0.036597              N/A      2.25m
   5    23.50      4.71464e+38       37        0.0182449              N/A      2.55m
   6    19.13      4.07761e+38       37        0.0182449              N/A      2.51m
   7    17.21      8.14204e+41       29        0.0179736              N/A      2.23m
   8    20.66      1.27124e+39       29        0.0179736              N/A      2.06m
   9    21.64      1.08814e+39       29        0.0179736              N/A      2.09m
  10    21.53      1.18435e+39       24        0.0196896              N/A      2.05m
  11    21.49       2.0979e+39       22        0.0195932              N/A      2.11m
  12    21.58      3.53394e+39       22        0.0195932              N/A      1.80m
  13    21.51      1.65248e+39       25        0.0177321              N/A      1.33m
  14    21.63      3.49714e+39       42        0.0186685              N/A      1.09m
  15    21.56      3.17533e+39       42        0.0186685              N/A     53.56s
  16    21.89      3.23743e+39       42        0.0191293              N/A     43.37s
  17    21.38      4.73365e+39       42        0.0191293              N/A     28.02s
  18    21.53      3.55766e+39       42        0.0189979              N/A     15.61s
  19    21.54      2.38649e+39       34        0.0141724              N/A      0.00s
printing the best individuals for the last 5 generations:
exp(mul(exp(neg(sub(X0, 0.915))), sub(sub(sub(-0.969, 0.795), exp(neg(add(X0, mul(exp(neg(sub(X0, 0.915))), sub(sub(sub(-0.969, 0.795), exp(neg(add(X0, -0.991)))), exp(neg(add(X0, -0.991))))))))), exp(neg(add(X0, -0.991))))))
exp(mul(exp(neg(sub(X0, 0.915))), sub(sub(sub(-0.969, 0.869), exp(neg(add(X0, mul(exp(neg(sub(X0, 0.915))), sub(sub(sub(-0.969, 0.869), exp(neg(add(X0, -0.991)))), exp(neg(add(X0, -0.991))))))))), exp(neg(add(X0, -0.991))))))
exp(mul(exp(neg(sub(X0, 0.915))), sub(sub(sub(-0.969, 0.869), exp(neg(add(X0, mul(exp(neg(sub(X0, 0.915))), sub(sub(sub(-0.969, 0.869), exp(neg(add(X0, -0.991)))), exp(neg(add(X0, -0.991))))))))), exp(neg(add(X0, -0.991))))))
exp(mul(exp(neg(sub(X0, 0.915))), sub(sub(sub(-0.969, 0.861), exp(neg(add(X0, -0.991)))), exp(neg(add(X0, mul(exp(neg(sub(X0, 0.915))), sub(sub(sub(-0.969, 0.861), exp(neg(add(X0, -0.991)))), exp(neg(add(X0, -0.991)))))))))))
exp(mul(exp(neg(sub(X0, 0.915))), sub(sub(sub(-0.969, 0.861), exp(neg(sub(add(mul(X0, X0), sub(-0.528, X0)), mul(mul(X0, 0.260), mul(0.539, 0.952)))))), exp(neg(add(X0, -0.991))))))
Age of extinction, kill all.. Start new generation..



        filename            y_def          scale_X         pop_size         gen_size        tour_size      tour_factor       pars_coeff
    119C_mod.csv            False             10.0             5000               20               50              100            0.005


    |   Population Average    |             Best Individual              |
---- ------------------------- ------------------------------------------ ----------
 Gen   Length          Fitness   Length          Fitness      OOB Fitness  Time Left
   0    20.10      4.55681e+78       19         0.150829              N/A      8.44s
   1     8.66      2.60902e+42       30        0.0666712              N/A      1.68m
   2     8.66      5.99356e+38       30        0.0666712              N/A      2.16m
   3     5.69      1.65173e+39       20        0.0665704              N/A      2.19m
   4     4.36      6.11198e+37       20        0.0665704              N/A      1.97m
   5     5.40      1.05902e+39       19         0.066556              N/A      1.78m
   6     3.83       6.2641e+38       19         0.066556              N/A      1.69m
   7     8.20       8.5269e+41       34        0.0534574              N/A      1.46m
   8    17.07      2.81042e+39       32        0.0541467              N/A      1.52m
   9    15.50      1.77297e+39       28        0.0551115              N/A      1.77m
  10    12.90      1.73941e+39       17         0.066556              N/A      1.58m
  11    12.83      1.83312e+39       13         0.063403              N/A      1.28m
  12    12.73      1.54682e+39       14        0.0512467              N/A      1.18m
  13    12.77      2.91632e+39       22        0.0247821              N/A      1.03m
  14    13.00      1.08538e+39       21        0.0223899              N/A     51.04s
  15    13.37      1.24927e+39       21        0.0166281              N/A     41.48s
  16    12.97      1.40066e+39       21        0.0169813              N/A     31.76s
  17    12.57      1.35178e+38       13        0.0263159              N/A     21.03s
  18    12.23      8.85816e+38       13        0.0263159              N/A     10.47s
  19    10.22      1.63954e+39       13        0.0263159              N/A      0.00s
printing the best individuals for the last 5 generations:
exp(mul(exp(sub(0.803, X0)), sub(mul(exp(sub(0.803, X0)), sub(sub(X0, exp(0.731)), exp(0.904))), exp(0.731))))
exp(mul(exp(sub(0.803, X0)), sub(mul(exp(sub(0.803, X0)), sub(sub(X0, exp(0.731)), exp(0.961))), exp(0.731))))
exp(mul(exp(sub(0.762, X0)), sub(sub(X0, exp(0.904)), exp(0.961))))
exp(mul(exp(sub(0.762, X0)), sub(sub(X0, exp(0.904)), exp(0.961))))
exp(mul(exp(sub(0.762, X0)), sub(sub(X0, exp(0.961)), exp(0.904))))
Age of extinction, kill all.. Start new generation..



        filename            y_def          scale_X         pop_size         gen_size        tour_size      tour_factor       pars_coeff
    119C_mod.csv            False             10.0             5000               20               10              500            0.001


    |   Population Average    |             Best Individual              |
---- ------------------------- ------------------------------------------ ----------
 Gen   Length          Fitness   Length          Fitness      OOB Fitness  Time Left
   0    20.10      4.55681e+78       19         0.150829              N/A      7.90s
   1    12.19      6.71406e+44       12        0.0519296              N/A      1.75m
   2    10.29      1.00229e+41        8        0.0407165              N/A      2.22m
   3    13.10      1.68346e+41       12        0.0519296              N/A      2.25m
   4    15.73      2.13406e+42       45        0.0426299              N/A      2.56m
   5    16.76      2.10706e+39       45         0.039685              N/A      2.68m
   6    19.89      1.99239e+39       27        0.0242882              N/A      2.58m
   7    24.43      1.75349e+39       26        0.0154254              N/A      2.63m
   8    23.88      2.92775e+39       26        0.0154254              N/A      2.68m
   9    20.31      1.34888e+39       64        0.0125293              N/A      2.56m
  10    17.97      2.15256e+39       26         0.014238              N/A      2.22m
  11    17.88      1.11311e+39       29        0.0143202              N/A      1.94m
  12    19.20      1.93602e+39       25        0.0142293              N/A      1.70m
  13    20.93      9.38366e+38       39        0.0125331              N/A      1.53m
  14    22.70      2.39652e+39       39        0.0125331              N/A      1.35m
  15    23.53       1.4004e+39       28        0.0117704              N/A      1.11m
  16    24.09      1.80051e+39       28        0.0117704              N/A     52.60s
  17    23.63      2.72162e+39       34        0.0128276              N/A     35.69s
  18    22.94      1.69431e+39       40        0.0128341              N/A     17.34s
  19    22.48      1.99453e+39       25        0.0131448              N/A      0.00s
printing the best individuals for the last 5 generations:
exp(neg(exp(add(sub(exp(0.779), exp(neg(exp(add(sub(exp(0.484), sub(sub(add(X0, 0.420), exp(0.731)), neg(-0.150))), neg(X0)))))), mul(X0, -0.901)))))
exp(neg(exp(add(sub(exp(0.779), exp(neg(exp(add(sub(exp(0.484), sub(sub(add(X0, 0.420), exp(0.731)), neg(-0.150))), neg(X0)))))), mul(X0, -0.901)))))
exp(neg(exp(add(exp(0.484), add(exp(mul(mul(mul(X0, -0.141), exp(0.064)), sub(mul(X0, X0), mul(mul(mul(X0, -0.141), exp(0.064)), sub(mul(X0, X0), neg(0.151)))))), neg(X0))))))
exp(neg(exp(add(sub(exp(0.779), exp(neg(exp(add(exp(exp(mul(mul(X0, -0.184), sub(mul(X0, X0), neg(mul(mul(mul(X0, -0.141), exp(0.064)), sub(mul(X0, X0), neg(X0)))))))), neg(X0)))))), mul(X0, -0.901)))))
exp(neg(exp(add(exp(0.484), add(exp(mul(mul(X0, -0.141), sub(mul(X0, X0), mul(mul(X0, -0.175), mul(X0, X0))))), neg(X0))))))
Age of extinction, kill all.. Start new generation..



        filename            y_def          scale_X         pop_size         gen_size        tour_size      tour_factor       pars_coeff
    119C_mod.csv            False             10.0             5000               20               10              500            0.005


    |   Population Average    |             Best Individual              |
---- ------------------------- ------------------------------------------ ----------
 Gen   Length          Fitness   Length          Fitness      OOB Fitness  Time Left
   0    20.10      4.55681e+78       19         0.150829              N/A      7.86s
   1    11.22      6.71405e+44       12        0.0519296              N/A      1.77m
   2     8.04      1.45832e+39        8        0.0407165              N/A      2.22m
   3     8.47      8.71872e+41       12        0.0519296              N/A      2.23m
   4     9.52      3.58706e+41       45        0.0426299              N/A      2.35m
   5     8.57      1.18301e+39       14        0.0381173              N/A      2.34m
   6     7.19      5.61149e+38       14        0.0381173              N/A      2.10m
   7     7.61       4.9626e+37       21        0.0235896              N/A      1.85m
   8     9.48      1.74243e+39       21        0.0235896              N/A      1.75m
   9    10.61      7.48531e+38       30        0.0223576              N/A      1.75m
  10    10.34       1.1368e+39       13        0.0328323              N/A      1.68m
  11     9.86       9.1447e+38       26        0.0207493              N/A      1.49m
  12     9.59      2.41044e+39       25        0.0241558              N/A      1.29m
  13     9.69      1.09366e+39       24        0.0322674              N/A      1.11m
  14     9.88      1.92787e+39       15        0.0310042              N/A     55.91s
  15     9.92       1.9316e+39       15         0.014405              N/A     44.60s
  16    10.04       1.2727e+39       21        0.0245372              N/A     33.97s
  17     9.78       6.7883e+38       10        0.0384215              N/A     23.16s
  18     9.66      1.46458e+39       10        0.0384215              N/A     11.63s
  19     9.44      1.55448e+39       13        0.0328323              N/A      0.00s
printing the best individuals for the last 5 generations:
exp(neg(exp(add(exp(add(sub(exp(0.484), -0.292), neg(X0))), mul(-0.569, X0)))))
exp(neg(exp(add(sub(exp(0.484), neg(exp(add(add(sub(exp(0.484), -0.292), neg(X0)), neg(X0))))), neg(X0)))))
exp(neg(exp(add(sub(exp(0.473), -0.292), neg(X0)))))
exp(neg(exp(add(sub(exp(0.473), -0.292), neg(X0)))))
exp(neg(exp(add(sub(exp(0.484), neg(exp(neg(X0)))), neg(X0)))))
Age of extinction, kill all.. Start new generation..

